2025-02-16 00:30:23,508 - DEBUG - Using proactor: IocpProactor
2025-02-16 00:30:23,510 - INFO - Assets path configured: E:\ProgramTests\LocalizerAppMain\GUI\assets
2025-02-16 00:30:23,512 - DEBUG - Creating new PubSubHub instance
2025-02-16 00:30:23,512 - DEBUG - Creating new PubSubHub instance
2025-02-16 00:30:23,512 - INFO - Starting up TCP server on localhost:61366
2025-02-16 00:30:23,514 - INFO - Flet app has started...
2025-02-16 00:30:23,518 - INFO - App URL: tcp://localhost:61366
2025-02-16 00:30:23,518 - INFO - Starting Flet View app...
2025-02-16 00:30:23,518 - INFO - Looking for Flet executable at: c:\Users\alpya\.conda\envs\localizer\Lib\site-packages\flet_desktop\app\flet\flet.exe
2025-02-16 00:30:23,520 - INFO - Flet View found in: c:\Users\alpya\.conda\envs\localizer\Lib\site-packages\flet_desktop\app\flet\flet.exe
2025-02-16 00:30:23,707 - DEBUG - Connected new TCP client
2025-02-16 00:30:23,708 - DEBUG - _on_message: {"action":"registerWebClient","payload":{"pageName":"","pageRoute":"/","pageWidth":"1265.6","pageHeight":"682.4","windowWidth":"1280.0","windowHeight":"720.0","windowTop":"9.6","windowLeft":"9.6","isPWA":"false","isWeb":"false","isDebug":"false","platform":"windows","platformBrightness":"dark","media":"{\"padding\":{\"top\":0.0,\"right\":0.0,\"bottom\":0.0,\"left\":0.0},\"view_padding\":{\"top\":0.0,\"right\":0.0,\"bottom\":0.0,\"left\":0.0},\"view_insets\":{\"top\":0.0,\"right\":0.0,\"bottom\":0.0,\"left\":0.0}}","sessionId":""}}
2025-02-16 00:30:23,708 - DEBUG - __send: {"action":"registerWebClient","payload":{"session":{"id":"","controls":{"page":{"i":"page","t":"page","p":"","c":[],"route":"/","width":"1265.6","height":"682.4","windowwidth":"1280.0","windowheight":"720.0","windowtop":"9.6","windowleft":"9.6","pwa":"false","web":"false","debug":"false","platform":"windows","platformBrightness":"dark","media":"{\"padding\":{\"top\":0.0,\"right\":0.0,\"bottom\":0.0,\"left\":0.0},\"view_padding\":{\"top\":0.0,\"right\":0.0,\"bottom\":0.0,\"left\":0.0},\"view_insets\":{\"top\":0.0,\"right\":0.0,\"bottom\":0.0,\"left\":0.0}}"}}},"error":"","appInactive":false}}
2025-02-16 00:30:23,709 - DEBUG - _process_command: get ['page', 'route'] {}
2025-02-16 00:30:23,709 - DEBUG - _process_command: get ['page', 'pwa'] {}
2025-02-16 00:30:23,709 - DEBUG - _process_command: get ['page', 'web'] {}
2025-02-16 00:30:23,709 - DEBUG - _process_command: get ['page', 'debug'] {}
2025-02-16 00:30:23,709 - DEBUG - _process_command: get ['page', 'platform'] {}
2025-02-16 00:30:23,709 - DEBUG - _process_command: get ['page', 'platformBrightness'] {}
2025-02-16 00:30:23,709 - DEBUG - _process_command: get ['page', 'media'] {}
2025-02-16 00:30:23,709 - DEBUG - _process_command: get ['page', 'width'] {}
2025-02-16 00:30:23,709 - DEBUG - _process_command: get ['page', 'height'] {}
2025-02-16 00:30:23,709 - DEBUG - _process_command: get ['page', 'windowWidth'] {}
2025-02-16 00:30:23,709 - DEBUG - _process_command: get ['page', 'windowHeight'] {}
2025-02-16 00:30:23,709 - DEBUG - _process_command: get ['page', 'windowTop'] {}
2025-02-16 00:30:23,709 - DEBUG - _process_command: get ['page', 'windowLeft'] {}
2025-02-16 00:30:23,709 - DEBUG - _process_command: get ['page', 'clientIP'] {}
2025-02-16 00:30:23,709 - DEBUG - _process_command: get ['page', 'clientUserAgent'] {}
2025-02-16 00:30:23,709 - INFO - App session started
2025-02-16 00:30:23,715 - DEBUG - _process_command: set ['page'] {'darktheme': '{"color_scheme_seed":"blue","page_transitions":{},"system_overlay_style":{}}', 'theme': '{"color_scheme_seed":"green","page_transitions":{},"system_overlay_style":{}}', 'thememode': 'system', 'title': 'Localization Helper'}
2025-02-16 00:30:23,715 - DEBUG - _process_command: add [] {'to': 'page', 'at': '0'}
2025-02-16 00:30:23,715 - DEBUG - _process_command: add [] {'to': 'page', 'at': '1'}
2025-02-16 00:30:23,715 - DEBUG - sent to TCP: 602
2025-02-16 00:30:23,716 - DEBUG - __send: {"action":"pageControlsBatch","payload":[{"action":"updateControlProps","payload":{"props":[{"i":"page","darktheme":"{\"color_scheme_seed\":\"blue\",\"page_transitions\":{},\"system_overlay_style\":{}}","theme":"{\"color_scheme_seed\":\"green\",\"page_transitions\":{},\"system_overlay_style\":{}}","thememode":"system","title":"Localization Helper"}]}},{"action":"addPageControls","payload":{"controls":[{"t":"view","i":"_1","p":"page","c":["_2"],"at":"0","bgcolor":"#111827","padding":"0"},{"t":"container","i":"_2","p":"_1","c":["_3"],"expand":"1","height":"682.4","padding":"32"},{"t":"column","i":"_3","p":"_2","c":["_4","_13"],"expand":"1","n":"content","scroll":"auto","spacing":"32"},{"t":"container","i":"_4","p":"_3","c":["_5"],"height":"100","padding":"{\"l\":0,\"t\":0,\"r\":0,\"b\":24}"},{"t":"column","i":"_5","p":"_4","c":["_6","_12"],"horizontalalignment":"center","n":"content","spacing":"8"},{"t":"row","i":"_6","p":"_5","c":["_7","_8","_9"],"alignment":"spaceBetween"},{"t":"container","i":"_7","p":"_6","c":[],"width":"48"},{"t":"text","i":"_8","p":"_6","c":[],"expand":"1","size":"32","textalign":"center","value":"Localization Comparison Tool","weight":"bold"},{"t":"container","i":"_9","p":"_6","c":["_10"],"width":"48"},{"t":"row","i":"_10","p":"_9","c":["_11"],"n":"content","spacing":"0"},{"t":"iconbutton","i":"_11","p":"_10","c":[],"icon":"settings","iconcolor":"#9CA3AF","tooltip":"\"Settings\""},{"t":"text","i":"_12","p":"_5","c":[],"color":"#9CA3AF","size":"16","textalign":"center","value":"Compare Source and Target Localization Files"},{"t":"container","i":"_13","p":"_3","c":["_14"],"bgcolor":"#1F2937","borderradius":"12","expand":"1","padding":"24"},{"t":"column","i":"_14","p":"_13","c":["_15","_37","_48","_66"],"expand":"1","n":"content","spacing":"24"},{"t":"container","i":"_15","p":"_14","c":["_16"],"height":"120"},{"t":"responsiverow","i":"_16","p":"_15","c":["_17","_27"],"n":"content"},{"t":"container","i":"_17","p":"_16","c":["_18"],"col":"{\"sm\":12,\"md\":6}"},{"t":"container","i":"_18","p":"_17","c":["_19"],"n":"content"},{"t":"column","i":"_19","p":"_18","c":["_20","_21"],"n":"content","spacing":"8"},{"t":"text","i":"_20","p":"_19","c":[],"color":"#9CA3AF","size":"14","value":"Source File","weight":"w500"},{"t":"container","i":"_21","p":"_19","c":["_22"],"bgcolor":"#374151","border":"{\"l\":{\"w\":2,\"c\":\"#4B5563\",\"sa\":null},\"t\":{\"w\":2,\"c\":\"#4B5563\",\"sa\":null},\"r\":{\"w\":2,\"c\":\"#4B5563\",\"sa\":null},\"b\":{\"w\":2,\"c\":\"#4B5563\",\"sa\":null}}","borderradius":"8","padding":"12"},{"t":"row","i":"_22","p":"_21","c":["_23","_24","_25"],"alignment":"center","n":"content","spacing":"8"},{"t":"icon","i":"_23","p":"_22","c":[],"color":"#9CA3AF","name":"description","size":"20"},{"t":"text","i":"_24","p":"_22","c":[],"color":"#9CA3AF","expand":"1","value":"No file selected"},{"t":"container","i":"_25","p":"_22","c":["_26"],"animate":"{\"duration\":200,\"curve\":\"easeInOut\"}","onhover":"true"},{"t":"elevatedbutton","i":"_26","p":"_25","c":[],"bgcolor":"#3B82F6","height":"36","icon":"upload","n":"content","style":"{\"color\":\"#F9FAFB\",\"bgcolor\":\"#3B82F6\",\"padding\":{},\"side\":{},\"shape\":{\"default\":{\"radius\":8,\"type\":\"roundedRectangle\"}},\"text_style\":{}}","text":"Browse","tooltip":"\"Select a Source File\""},{"t":"container","i":"_27","p":"_16","c":["_28"],"col":"{\"sm\":12,\"md\":6}"},{"t":"container","i":"_28","p":"_27","c":["_29"],"n":"content"},{"t":"column","i":"_29","p":"_28","c":["_30","_31"],"n":"content","spacing":"8"},{"t":"text","i":"_30","p":"_29","c":[],"color":"#9CA3AF","size":"14","value":"Target File","weight":"w500"},{"t":"container","i":"_31","p":"_29","c":["_32"],"bgcolor":"#374151","border":"{\"l\":{\"w\":2,\"c\":\"#4B5563\",\"sa\":null},\"t\":{\"w\":2,\"c\":\"#4B5563\",\"sa\":null},\"r\":{\"w\":2,\"c\":\"#4B5563\",\"sa\":null},\"b\":{\"w\":2,\"c\":\"#4B5563\",\"sa\":null}}","borderradius":"8","padding":"12"},{"t":"row","i":"_32","p":"_31","c":["_33","_34","_35"],"alignment":"center","n":"content","spacing":"8"},{"t":"icon","i":"_33","p":"_32","c":[],"color":"#9CA3AF","name":"description","size":"20"},{"t":"text","i":"_34","p":"_32","c":[],"color":"#9CA3AF","expand":"1","value":"No file selected"},{"t":"container","i":"_35","p":"_32","c":["_36"],"animate":"{\"duration\":200,\"curve\":\"easeInOut\"}","onhover":"true"},{"t":"elevatedbutton","i":"_36","p":"_35","c":[],"bgcolor":"#3B82F6","height":"36","icon":"upload","n":"content","style":"{\"color\":\"#F9FAFB\",\"bgcolor\":\"#3B82F6\",\"padding\":{},\"side\":{},\"shape\":{\"default\":{\"radius\":8,\"type\":\"roundedRectangle\"}},\"text_style\":{}}","text":"Browse","tooltip":"\"Select a Target File\""},{"t":"container","i":"_37","p":"_14","c":["_38"],"height":"50"},{"t":"container","i":"_38","p":"_37","c":["_39"],"animate":"{\"duration\":200,\"curve\":\"easeInOut\"}","n":"content","onhover":"true"},{"t":"row","i":"_39","p":"_38","c":["_40","_44"],"alignment":"center","n":"content","spacing":"16"},{"t":"elevatedbutton","i":"_40","p":"_39","c":["_41"],"expand":"1","height":"48","style":"{\"color\":\"#F9FAFB\",\"bgcolor\":\"#3B82F6\",\"padding\":{},\"side\":{},\"shape\":{\"default\":{\"radius\":8,\"type\":\"roundedRectangle\"}},\"text_style\":{}}","tooltip":"\"Click to compare the source and target files\""},{"t":"row","i":"_41","p":"_40","c":["_42","_43"],"alignment":"center","n":"content","spacing":"8"},{"t":"icon","i":"_42","p":"_41","c":[],"name":"refresh"},{"t":"text","i":"_43","p":"_41","c":[],"size":"16","value":"Compare Files"},{"t":"elevatedbutton","i":"_44","p":"_39","c":["_45"],"expand":"1","height":"48","style":"{\"color\":\"#F9FAFB\",\"bgcolor\":\"#3B82F6\",\"padding\":{},\"side\":{},\"shape\":{\"default\":{\"radius\":8,\"type\":\"roundedRectangle\"}},\"text_style\":{}}","tooltip":"\"Translate missing keys using Google Cloud Translate\"","visible":"false"},{"t":"row","i":"_45","p":"_44","c":["_46","_47"],"alignment":"center","n":"content","spacing":"8"},{"t":"icon","i":"_46","p":"_45","c":[],"name":"translate"},{"t":"text","i":"_47","p":"_45","c":[],"size":"16","value":"Translate Missing"},{"t":"container","i":"_48","p":"_14","c":["_49"],"padding":"{\"l\":0,\"t\":8,\"r\":0,\"b\":8}"},{"t":"card","i":"_49","p":"_48","c":["_50"],"elevation":"1","n":"content"},{"t":"container","i":"_50","p":"_49","c":["_51"],"bgcolor":"#1F2937","borderradius":"8","n":"content"},{"t":"row","i":"_51","p":"_50","c":["_52","_56","_57","_61","_62"],"alignment":"center","n":"content"},{"t":"container","i":"_52","p":"_51","c":["_53"],"expand":"1","padding":"{\"l\":16,\"t\":16,\"r\":16,\"b\":16}"},{"t":"column","i":"_53","p":"_52","c":["_54","_55"],"horizontalalignment":"center","n":"content","spacing":"4"},{"t":"text","i":"_54","p":"_53","c":[],"color":"#9CA3AF","size":"14","value":"Total Keys"},{"t":"text","i":"_55","p":"_53","c":[],"color":"#F9FAFB","size":"24","value":"0","weight":"bold"},{"t":"verticaldivider","i":"_56","p":"_51","c":[],"color":"#4B5563","width":"1"},{"t":"container","i":"_57","p":"_51","c":["_58"],"expand":"1","padding":"{\"l\":16,\"t\":16,\"r\":16,\"b\":16}"},{"t":"column","i":"_58","p":"_57","c":["_59","_60"],"horizontalalignment":"center","n":"content","spacing":"4"},{"t":"text","i":"_59","p":"_58","c":[],"color":"#9CA3AF","size":"14","value":"Missing in Target"},{"t":"text","i":"_60","p":"_58","c":[],"color":"#F87171","size":"24","value":"0","weight":"bold"},{"t":"verticaldivider","i":"_61","p":"_51","c":[],"color":"#4B5563","width":"1"},{"t":"container","i":"_62","p":"_51","c":["_63"],"expand":"1","padding":"{\"l\":16,\"t\":16,\"r\":16,\"b\":16}"},{"t":"column","i":"_63","p":"_62","c":["_64","_65"],"horizontalalignment":"center","n":"content","spacing":"4"},{"t":"text","i":"_64","p":"_63","c":[],"color":"#9CA3AF","size":"14","value":"Missing in Source"},{"t":"text","i":"_65","p":"_63","c":[],"color":"#4ADE80","size":"24","value":"0","weight":"bold"},{"t":"container","i":"_66","p":"_14","c":["_67"],"expand":"1"},{"t":"card","i":"_67","p":"_66","c":["_68"],"elevation":"1","n":"content"},{"t":"column","i":"_68","p":"_67","c":["_69","_73","_74","_77"],"expand":"1","n":"content","spacing":"32"},{"t":"container","i":"_69","p":"_68","c":["_70"],"padding":"{\"l\":16,\"t\":16,\"r\":16,\"b\":0}"},{"t":"row","i":"_70","p":"_69","c":["_71","_72"],"alignment":"spaceBetween","n":"content"},{"t":"text","i":"_71","p":"_70","c":[],"color":"#9CA3AF","size":"16","value":"Results","weight":"w500"},{"t":"iconbutton","i":"_72","p":"_70","c":[],"icon":"copy","iconcolor":"#9CA3AF","tooltip":"\"Copy comparison results\""},{"t":"divider","i":"_73","p":"_68","c":[],"color":"#4B5563","height":"1"},{"t":"container","i":"_74","p":"_68","c":["_75"],"expand":"1","padding":"{\"l\":16,\"t\":16,\"r\":16,\"b\":16}"},{"t":"container","i":"_75","p":"_74","c":["_76"],"expand":"1","n":"content","padding":"{\"l\":16,\"t\":16,\"r\":16,\"b\":16}"},{"t":"textfield","i":"_76","p":"_75","c":[],"bgcolor":"transparent","cursorcolor":"transparent","expand":"1","filled":"true","multiline":"true","n":"content","readonly":"true","textstyle":"{\"size\":14,\"weight\":\"w400\",\"font_family\":\"Consolas\",\"color\":\"#9CA3AF\"}","value":"Summary will appear here"},{"t":"container","i":"_77","p":"_68","c":["_78"],"expand":"1","padding":"{\"l\":16,\"t\":8,\"r\":16,\"b\":16}"},{"t":"row","i":"_78","p":"_77","c":["_79","_80"],"n":"content","spacing":"8","verticalalignment":"center"},{"t":"progressring","i":"_79","p":"_78","c":[],"color":"#3B82F6","height":"20","strokewidth":"2","visible":"false","width":"20"},{"t":"text","i":"_80","p":"_78","c":[],"color":"#9CA3AF","size":"14","value":"Ready"}],"trimIDs":[]}},{"action":"addPageControls","payload":{"controls":[{"t":"offstage","i":"_81","p":"page","c":["_82","_83"],"at":"1"},{"t":"filepicker","i":"_82","p":"_81","c":[],"upload":"[]"},{"t":"filepicker","i":"_83","p":"_81","c":[],"upload":"[]"}],"trimIDs":[]}}]}
2025-02-16 00:30:23,717 - DEBUG - sent to TCP: 9923
2025-02-16 00:30:24,606 - DEBUG - _on_message: {"action":"pageEventFromWeb","payload":{"eventTarget":"_38","eventName":"hover","eventData":"true"}}
2025-02-16 00:30:24,606 - DEBUG - page.on_event_async: _38 hover true
2025-02-16 00:30:24,606 - DEBUG - _process_command: set ['_40'] {'bgcolor': '#E0E7FF', 'style': '{"color":"#F9FAFB","bgcolor":"#E0E7FF","padding":{},"side":{},"shape":{"default":{"radius":8,"type":"roundedRectangle"}},"text_style":{}}'}
2025-02-16 00:30:24,606 - DEBUG - __send: {"action":"pageControlsBatch","payload":[{"action":"updateControlProps","payload":{"props":[{"i":"_40","bgcolor":"#E0E7FF","style":"{\"color\":\"#F9FAFB\",\"bgcolor\":\"#E0E7FF\",\"padding\":{},\"side\":{},\"shape\":{\"default\":{\"radius\":8,\"type\":\"roundedRectangle\"}},\"text_style\":{}}"}]}}]}
2025-02-16 00:30:24,606 - DEBUG - sent to TCP: 304
2025-02-16 00:30:24,666 - DEBUG - _on_message: {"action":"pageEventFromWeb","payload":{"eventTarget":"_38","eventName":"hover","eventData":"false"}}
2025-02-16 00:30:24,666 - DEBUG - page.on_event_async: _38 hover false
2025-02-16 00:30:24,668 - DEBUG - _process_command: set ['_40'] {'bgcolor': '#3B82F6', 'style': '{"color":"#F9FAFB","bgcolor":"#3B82F6","padding":{},"side":{},"shape":{"default":{"radius":8,"type":"roundedRectangle"}},"text_style":{}}'}
2025-02-16 00:30:24,668 - DEBUG - __send: {"action":"pageControlsBatch","payload":[{"action":"updateControlProps","payload":{"props":[{"i":"_40","bgcolor":"#3B82F6","style":"{\"color\":\"#F9FAFB\",\"bgcolor\":\"#3B82F6\",\"padding\":{},\"side\":{},\"shape\":{\"default\":{\"radius\":8,\"type\":\"roundedRectangle\"}},\"text_style\":{}}"}]}}]}
2025-02-16 00:30:24,668 - DEBUG - sent to TCP: 304
2025-02-16 00:30:24,905 - DEBUG - _on_message: {"action":"pageEventFromWeb","payload":{"eventTarget":"_38","eventName":"hover","eventData":"true"}}
2025-02-16 00:30:24,905 - DEBUG - page.on_event_async: _38 hover true
2025-02-16 00:30:24,905 - DEBUG - _process_command: set ['_40'] {'bgcolor': '#E0E7FF', 'style': '{"color":"#F9FAFB","bgcolor":"#E0E7FF","padding":{},"side":{},"shape":{"default":{"radius":8,"type":"roundedRectangle"}},"text_style":{}}'}
2025-02-16 00:30:24,905 - DEBUG - __send: {"action":"pageControlsBatch","payload":[{"action":"updateControlProps","payload":{"props":[{"i":"_40","bgcolor":"#E0E7FF","style":"{\"color\":\"#F9FAFB\",\"bgcolor\":\"#E0E7FF\",\"padding\":{},\"side\":{},\"shape\":{\"default\":{\"radius\":8,\"type\":\"roundedRectangle\"}},\"text_style\":{}}"}]}}]}
2025-02-16 00:30:24,905 - DEBUG - sent to TCP: 304
2025-02-16 00:30:25,199 - DEBUG - _on_message: {"action":"pageEventFromWeb","payload":{"eventTarget":"_40","eventName":"click","eventData":""}}
2025-02-16 00:30:25,199 - DEBUG - page.on_event_async: _40 click 
2025-02-16 00:30:25,201 - DEBUG - _process_command: set ['_2'] {'bgcolor': '#1F2937'}
2025-02-16 00:30:25,201 - DEBUG - _process_command: set ['_79'] {'visible': 'true'}
2025-02-16 00:30:25,201 - DEBUG - _process_command: set ['_80'] {'value': 'Comparing files...'}
2025-02-16 00:30:25,201 - DEBUG - _process_command: add [] {'to': '_81', 'at': '2'}
2025-02-16 00:30:25,202 - DEBUG - _process_command: add [] {'to': '_81', 'at': '3'}
2025-02-16 00:30:25,202 - DEBUG - _process_command: add [] {'to': '_81', 'at': '4'}
2025-02-16 00:30:25,202 - DEBUG - __send: {"action":"pageControlsBatch","payload":[{"action":"updateControlProps","payload":{"props":[{"i":"_2","bgcolor":"#1F2937"}]}},{"action":"updateControlProps","payload":{"props":[{"i":"_79","visible":"true"}]}},{"action":"updateControlProps","payload":{"props":[{"i":"_80","value":"Comparing files..."}]}},{"action":"addPageControls","payload":{"controls":[{"t":"alertdialog","i":"_84","p":"_81","c":["_85","_86","_145","_146"],"at":"2","modal":"false","open":"false"},{"t":"text","i":"_85","p":"_84","c":[],"n":"title","size":"20","value":"Settings"},{"t":"container","i":"_86","p":"_84","c":["_87"],"height":"400","n":"content","width":"500"},{"t":"column","i":"_87","p":"_86","c":["_88"],"n":"content","scroll":"auto"},{"t":"tabs","i":"_88","p":"_87","c":["_89","_99","_110","_127"],"animationduration":"300","expand":"1","selectedindex":"0"},{"t":"tab","i":"_89","p":"_88","c":["_90"],"icon":"settings","text":"General"},{"t":"container","i":"_90","p":"_89","c":["_91"],"n":"content","padding":"20"},{"t":"column","i":"_91","p":"_90","c":["_92"],"n":"content"},{"t":"container","i":"_92","p":"_91","c":["_93"],"padding":"10"},{"t":"column","i":"_93","p":"_92","c":["_94","_95"],"n":"content","spacing":"8"},{"t":"text","i":"_94","p":"_93","c":[],"size":"16","value":"Theme Settings","weight":"bold"},{"t":"dropdown","i":"_95","p":"_93","c":["_96","_97","_98"],"label":"Theme Mode","value":"system"},{"t":"dropdownoption","i":"_96","p":"_95","c":[],"key":"system","text":"System Default"},{"t":"dropdownoption","i":"_97","p":"_95","c":[],"key":"dark","text":"Dark Theme"},{"t":"dropdownoption","i":"_98","p":"_95","c":[],"key":"light","text":"Light Theme"},{"t":"tab","i":"_99","p":"_88","c":["_100"],"icon":"compare_arrows","text":"Comparison"},{"t":"container","i":"_100","p":"_99","c":["_101"],"n":"content","padding":"20"},{"t":"column","i":"_101","p":"_100","c":["_102"],"n":"content"},{"t":"container","i":"_102","p":"_101","c":["_103"],"padding":"10"},{"t":"column","i":"_103","p":"_102","c":["_104","_105","_106","_107","_108","_109"],"n":"content","spacing":"8"},{"t":"text","i":"_104","p":"_103","c":[],"size":"16","value":"Comparison Settings","weight":"bold"},{"t":"checkbox","i":"_105","p":"_103","c":[],"label":"Auto-Fill Missing Keys","value":"false"},{"t":"checkbox","i":"_106","p":"_103","c":[],"label":"Log Missing Keys","value":"false"},{"t":"checkbox","i":"_107","p":"_103","c":[],"label":"Ignore Whitespace","value":"false"},{"t":"checkbox","i":"_108","p":"_103","c":[],"label":"Ignore Case","value":"false"},{"t":"checkbox","i":"_109","p":"_103","c":[],"label":"Group by Namespace","value":"true"},{"t":"tab","i":"_110","p":"_88","c":["_111"],"icon":"file_present","text":"File Format"},{"t":"container","i":"_111","p":"_110","c":["_112"],"n":"content","padding":"20"},{"t":"column","i":"_112","p":"_111","c":["_113","_122"],"n":"content"},{"t":"container","i":"_113","p":"_112","c":["_114"],"padding":"10"},{"t":"column","i":"_114","p":"_113","c":["_115","_116"],"n":"content","spacing":"8"},{"t":"text","i":"_115","p":"_114","c":[],"size":"16","value":"File Format Settings","weight":"bold"},{"t":"dropdown","i":"_116","p":"_114","c":["_117","_118","_119","_120","_121"],"label":"Preferred Format","value":"auto"},{"t":"dropdownoption","i":"_117","p":"_116","c":[],"key":"auto","text":"Auto-Detect"},{"t":"dropdownoption","i":"_118","p":"_116","c":[],"key":"json","text":"JSON"},{"t":"dropdownoption","i":"_119","p":"_116","c":[],"key":"yaml","text":"YAML"},{"t":"dropdownoption","i":"_120","p":"_116","c":[],"key":"lang","text":".lang"},{"t":"dropdownoption","i":"_121","p":"_116","c":[],"key":"xml","text":"XML"},{"t":"container","i":"_122","p":"_112","c":["_123"],"padding":"10"},{"t":"column","i":"_123","p":"_122","c":["_124","_125","_126"],"n":"content","spacing":"8"},{"t":"text","i":"_124","p":"_123","c":[],"size":"16","value":"Ignore Patterns","weight":"bold"},{"t":"textfield","i":"_125","p":"_123","c":[],"hinttext":"Comma-separated patterns to ignore","maxlines":"4","minlines":"2","multiline":"true","onchange":"true"},{"t":"text","i":"_126","p":"_123","c":[],"color":"#9CA3AF","size":"12","value":"Example: temp_, test_, debug_"},{"t":"tab","i":"_127","p":"_88","c":["_128"],"icon":"translate","text":"Translation"},{"t":"container","i":"_128","p":"_127","c":["_129"],"n":"content","padding":"20"},{"t":"column","i":"_129","p":"_128","c":["_130"],"n":"content"},{"t":"container","i":"_130","p":"_129","c":["_131"],"padding":"10"},{"t":"column","i":"_131","p":"_130","c":["_132","_133","_134","_135","_140"],"n":"content","spacing":"8"},{"t":"text","i":"_132","p":"_131","c":[],"size":"16","value":"Machine Translation Settings","weight":"bold"},{"t":"checkbox","i":"_133","p":"_131","c":[],"label":"Enable Machine Translation","value":"false"},{"t":"textfield","i":"_134","p":"_131","c":[],"canrevealpassword":"true","label":"Google Cloud API Key","onchange":"true","password":"true"},{"t":"dropdown","i":"_135","p":"_131","c":["_136","_137","_138","_139"],"label":"Source Language","value":"en"},{"t":"dropdownoption","i":"_136","p":"_135","c":[],"key":"en","text":"English"},{"t":"dropdownoption","i":"_137","p":"_135","c":[],"key":"es","text":"Spanish"},{"t":"dropdownoption","i":"_138","p":"_135","c":[],"key":"fr","text":"French"},{"t":"dropdownoption","i":"_139","p":"_135","c":[],"key":"de","text":"German"},{"t":"dropdown","i":"_140","p":"_131","c":["_141","_142","_143","_144"],"label":"Target Language","value":"tr"},{"t":"dropdownoption","i":"_141","p":"_140","c":[],"key":"tr","text":"Turkish"},{"t":"dropdownoption","i":"_142","p":"_140","c":[],"key":"es","text":"Spanish"},{"t":"dropdownoption","i":"_143","p":"_140","c":[],"key":"fr","text":"French"},{"t":"dropdownoption","i":"_144","p":"_140","c":[],"key":"de","text":"German"},{"t":"textbutton","i":"_145","p":"_84","c":[],"n":"action","text":"Reset to Default"},{"t":"textbutton","i":"_146","p":"_84","c":[],"n":"action","text":"Close"}],"trimIDs":[]}},{"action":"addPageControls","payload":{"controls":[{"t":"filepicker","i":"_147","p":"_81","c":[],"at":"3","upload":"[]"}],"trimIDs":[]}},{"action":"addPageControls","payload":{"controls":[{"t":"filepicker","i":"_148","p":"_81","c":[],"at":"4","upload":"[]"}],"trimIDs":[]}}]}
2025-02-16 00:30:25,202 - DEBUG - sent to TCP: 6241
2025-02-16 00:30:25,207 - DEBUG - _process_command: set ['_80'] {'value': 'Comparison failed'}
2025-02-16 00:30:25,207 - DEBUG - __send: {"action":"pageControlsBatch","payload":[{"action":"updateControlProps","payload":{"props":[{"i":"_80","value":"Comparison failed"}]}}]}
2025-02-16 00:30:25,209 - DEBUG - _process_command: set ['_79'] {'visible': 'false'}
2025-02-16 00:30:25,209 - DEBUG - __send: {"action":"pageControlsBatch","payload":[{"action":"updateControlProps","payload":{"props":[{"i":"_79","visible":"false"}]}}]}
2025-02-16 00:30:25,209 - DEBUG - sent to TCP: 140
2025-02-16 00:30:25,212 - DEBUG - _process_command: set ['_44'] {'visible': 'true'}
2025-02-16 00:30:25,212 - DEBUG - __send: {"action":"pageControlsBatch","payload":[{"action":"updateControlProps","payload":{"props":[{"i":"_44","visible":"true"}]}}]}
2025-02-16 00:30:25,212 - DEBUG - sent to TCP: 130
2025-02-16 00:30:25,212 - DEBUG - sent to TCP: 129
2025-02-16 00:30:25,407 - DEBUG - _on_message: {"action":"pageEventFromWeb","payload":{"eventTarget":"_38","eventName":"hover","eventData":"false"}}
2025-02-16 00:30:25,407 - DEBUG - page.on_event_async: _38 hover false
2025-02-16 00:30:25,407 - DEBUG - _process_command: set ['_40'] {'bgcolor': '#3B82F6', 'style': '{"color":"#F9FAFB","bgcolor":"#3B82F6","padding":{},"side":{},"shape":{"default":{"radius":8,"type":"roundedRectangle"}},"text_style":{}}'}
2025-02-16 00:30:25,407 - DEBUG - __send: {"action":"pageControlsBatch","payload":[{"action":"updateControlProps","payload":{"props":[{"i":"_40","bgcolor":"#3B82F6","style":"{\"color\":\"#F9FAFB\",\"bgcolor\":\"#3B82F6\",\"padding\":{},\"side\":{},\"shape\":{\"default\":{\"radius\":8,\"type\":\"roundedRectangle\"}},\"text_style\":{}}"}]}}]}
2025-02-16 00:30:25,408 - DEBUG - sent to TCP: 304
2025-02-16 00:30:27,193 - DEBUG - _on_message: {"action":"pageEventFromWeb","payload":{"eventTarget":"_38","eventName":"hover","eventData":"true"}}
2025-02-16 00:30:27,193 - DEBUG - page.on_event_async: _38 hover true
2025-02-16 00:30:27,194 - DEBUG - _process_command: set ['_40'] {'bgcolor': '#E0E7FF', 'style': '{"color":"#F9FAFB","bgcolor":"#E0E7FF","padding":{},"side":{},"shape":{"default":{"radius":8,"type":"roundedRectangle"}},"text_style":{}}'}
2025-02-16 00:30:27,194 - DEBUG - __send: {"action":"pageControlsBatch","payload":[{"action":"updateControlProps","payload":{"props":[{"i":"_40","bgcolor":"#E0E7FF","style":"{\"color\":\"#F9FAFB\",\"bgcolor\":\"#E0E7FF\",\"padding\":{},\"side\":{},\"shape\":{\"default\":{\"radius\":8,\"type\":\"roundedRectangle\"}},\"text_style\":{}}"}]}}]}
2025-02-16 00:30:27,194 - DEBUG - sent to TCP: 304
2025-02-16 00:30:27,208 - DEBUG - _on_message: {"action":"pageEventFromWeb","payload":{"eventTarget":"_38","eventName":"hover","eventData":"false"}}
2025-02-16 00:30:27,208 - DEBUG - page.on_event_async: _38 hover false
2025-02-16 00:30:27,209 - DEBUG - _process_command: set ['_40'] {'bgcolor': '#3B82F6', 'style': '{"color":"#F9FAFB","bgcolor":"#3B82F6","padding":{},"side":{},"shape":{"default":{"radius":8,"type":"roundedRectangle"}},"text_style":{}}'}
2025-02-16 00:30:27,209 - DEBUG - __send: {"action":"pageControlsBatch","payload":[{"action":"updateControlProps","payload":{"props":[{"i":"_40","bgcolor":"#3B82F6","style":"{\"color\":\"#F9FAFB\",\"bgcolor\":\"#3B82F6\",\"padding\":{},\"side\":{},\"shape\":{\"default\":{\"radius\":8,\"type\":\"roundedRectangle\"}},\"text_style\":{}}"}]}}]}
2025-02-16 00:30:27,209 - DEBUG - sent to TCP: 304
2025-02-16 00:30:28,267 - DEBUG - _on_message: {"action":"pageEventFromWeb","payload":{"eventTarget":"page","eventName":"app_lifecycle_state_change","eventData":"inactive"}}
2025-02-16 00:30:28,267 - DEBUG - page.on_event_async: page app_lifecycle_state_change inactive
2025-02-16 00:30:28,269 - DEBUG - _on_message: {"action":"pageEventFromWeb","payload":{"eventTarget":"page","eventName":"app_lifecycle_state_change","eventData":"hide"}}
2025-02-16 00:30:28,269 - DEBUG - page.on_event_async: page app_lifecycle_state_change hide
2025-02-16 00:30:28,383 - DEBUG - Flet View process 41184
2025-02-16 00:30:28,383 - DEBUG - Closing connection...
2025-02-16 00:30:28,383 - DEBUG - Disconnecting all pages...
2025-02-16 00:30:28,383 - DEBUG - page.on_event_async: page disconnect 
2025-02-16 00:30:28,383 - DEBUG - Shutting down thread pool...
