2025-02-15 15:46:24,375 - DEBUG - Using proactor: IocpProactor
2025-02-15 15:46:24,402 - INFO - Assets path configured: C:\Users\alpya\AppData\Local\Temp\_MEI241562\assets
2025-02-15 15:46:24,402 - DEBUG - Creating new PubSubHub instance
2025-02-15 15:46:24,402 - DEBUG - Creating new PubSubHub instance
2025-02-15 15:46:24,402 - INFO - Starting up TCP server on localhost:61420
2025-02-15 15:46:24,407 - INFO - Flet app has started...
2025-02-15 15:46:24,408 - INFO - App URL: tcp://localhost:61420
2025-02-15 15:46:24,408 - INFO - Starting Flet View app...
2025-02-15 15:46:24,408 - INFO - Looking for Flet executable at: C:\Users\alpya\AppData\Local\Temp\_MEI241562\flet_desktop\app\flet\flet.exe
2025-02-15 15:46:24,572 - DEBUG - Connected new TCP client
2025-02-15 15:46:24,572 - DEBUG - _on_message: {"action":"registerWebClient","payload":{"pageName":"","pageRoute":"/","pageWidth":"1265.6","pageHeight":"682.4","windowWidth":"1280.0","windowHeight":"720.0","windowTop":"9.6","windowLeft":"9.6","isPWA":"false","isWeb":"false","isDebug":"false","platform":"windows","platformBrightness":"dark","media":"{\"padding\":{\"top\":0.0,\"right\":0.0,\"bottom\":0.0,\"left\":0.0},\"view_padding\":{\"top\":0.0,\"right\":0.0,\"bottom\":0.0,\"left\":0.0},\"view_insets\":{\"top\":0.0,\"right\":0.0,\"bottom\":0.0,\"left\":0.0}}","sessionId":""}}
2025-02-15 15:46:24,572 - DEBUG - __send: {"action":"registerWebClient","payload":{"session":{"id":"","controls":{"page":{"i":"page","t":"page","p":"","c":[],"route":"/","width":"1265.6","height":"682.4","windowwidth":"1280.0","windowheight":"720.0","windowtop":"9.6","windowleft":"9.6","pwa":"false","web":"false","debug":"false","platform":"windows","platformBrightness":"dark","media":"{\"padding\":{\"top\":0.0,\"right\":0.0,\"bottom\":0.0,\"left\":0.0},\"view_padding\":{\"top\":0.0,\"right\":0.0,\"bottom\":0.0,\"left\":0.0},\"view_insets\":{\"top\":0.0,\"right\":0.0,\"bottom\":0.0,\"left\":0.0}}"}}},"error":"","appInactive":false}}
2025-02-15 15:46:24,572 - DEBUG - _process_command: get ['page', 'route'] {}
2025-02-15 15:46:24,572 - DEBUG - _process_command: get ['page', 'pwa'] {}
2025-02-15 15:46:24,572 - DEBUG - _process_command: get ['page', 'web'] {}
2025-02-15 15:46:24,572 - DEBUG - _process_command: get ['page', 'debug'] {}
2025-02-15 15:46:24,572 - DEBUG - _process_command: get ['page', 'platform'] {}
2025-02-15 15:46:24,572 - DEBUG - _process_command: get ['page', 'platformBrightness'] {}
2025-02-15 15:46:24,572 - DEBUG - _process_command: get ['page', 'media'] {}
2025-02-15 15:46:24,572 - DEBUG - _process_command: get ['page', 'width'] {}
2025-02-15 15:46:24,572 - DEBUG - _process_command: get ['page', 'height'] {}
2025-02-15 15:46:24,572 - DEBUG - _process_command: get ['page', 'windowWidth'] {}
2025-02-15 15:46:24,572 - DEBUG - _process_command: get ['page', 'windowHeight'] {}
2025-02-15 15:46:24,573 - DEBUG - _process_command: get ['page', 'windowTop'] {}
2025-02-15 15:46:24,573 - DEBUG - _process_command: get ['page', 'windowLeft'] {}
2025-02-15 15:46:24,573 - DEBUG - _process_command: get ['page', 'clientIP'] {}
2025-02-15 15:46:24,573 - DEBUG - _process_command: get ['page', 'clientUserAgent'] {}
2025-02-15 15:46:24,573 - INFO - App session started
2025-02-15 15:46:24,576 - DEBUG - _process_command: set ['page'] {'thememode': 'dark', 'title': 'Localization Comparison Tool'}
2025-02-15 15:46:24,576 - DEBUG - _process_command: add [] {'to': 'page', 'at': '0'}
2025-02-15 15:46:24,576 - DEBUG - _process_command: add [] {'to': 'page', 'at': '1'}
2025-02-15 15:46:24,576 - DEBUG - sent to TCP: 602
2025-02-15 15:46:24,576 - DEBUG - __send: {"action":"pageControlsBatch","payload":[{"action":"updateControlProps","payload":{"props":[{"i":"page","thememode":"dark","title":"Localization Comparison Tool"}]}},{"action":"addPageControls","payload":{"controls":[{"t":"view","i":"_1","p":"page","c":["_2"],"at":"0","bgcolor":"#111827","padding":"0"},{"t":"container","i":"_2","p":"_1","c":["_3"],"expand":"1","height":"682.4","padding":"32"},{"t":"column","i":"_3","p":"_2","c":["_4","_11"],"expand":"1","n":"content","scroll":"auto","spacing":"32"},{"t":"container","i":"_4","p":"_3","c":["_5"],"height":"100","padding":"{\"l\":0,\"t\":0,\"r\":0,\"b\":24}"},{"t":"column","i":"_5","p":"_4","c":["_6","_10"],"horizontalalignment":"center","n":"content","spacing":"8"},{"t":"row","i":"_6","p":"_5","c":["_7","_8","_9"],"alignment":"spaceBetween"},{"t":"text","i":"_7","p":"_6","c":[],"expand":"1","size":"32","textalign":"center","value":"Localization Comparison Tool","weight":"bold"},{"t":"iconbutton","i":"_8","p":"_6","c":[],"icon":"settings","iconcolor":"#9CA3AF","tooltip":"\"Theme Settings\""},{"t":"iconbutton","i":"_9","p":"_6","c":[],"icon":"light_mode","iconcolor":"#9CA3AF","tooltip":"\"Toggle theme\""},{"t":"text","i":"_10","p":"_5","c":[],"color":"#9CA3AF","size":"16","textalign":"center","value":"Compare and analyze your localization files with ease"},{"t":"container","i":"_11","p":"_3","c":["_12"],"bgcolor":"#1F2937","borderradius":"12","expand":"1","padding":"24"},{"t":"column","i":"_12","p":"_11","c":["_13","_35","_43","_49"],"expand":"1","n":"content","spacing":"24"},{"t":"container","i":"_13","p":"_12","c":["_14"],"height":"120"},{"t":"responsiverow","i":"_14","p":"_13","c":["_15","_25"],"n":"content"},{"t":"container","i":"_15","p":"_14","c":["_16"],"col":"{\"sm\":12,\"md\":6}"},{"t":"container","i":"_16","p":"_15","c":["_17"],"n":"content"},{"t":"column","i":"_17","p":"_16","c":["_18","_19"],"n":"content","spacing":"8"},{"t":"text","i":"_18","p":"_17","c":[],"color":"#9CA3AF","size":"14","value":"Source File","weight":"w500"},{"t":"container","i":"_19","p":"_17","c":["_20"],"bgcolor":"#374151","border":"{\"l\":{\"w\":2,\"c\":\"#4B5563\",\"sa\":null},\"t\":{\"w\":2,\"c\":\"#4B5563\",\"sa\":null},\"r\":{\"w\":2,\"c\":\"#4B5563\",\"sa\":null},\"b\":{\"w\":2,\"c\":\"#4B5563\",\"sa\":null}}","borderradius":"8","padding":"12"},{"t":"row","i":"_20","p":"_19","c":["_21","_22","_23"],"alignment":"center","n":"content","spacing":"8"},{"t":"icon","i":"_21","p":"_20","c":[],"color":"#9CA3AF","name":"description","size":"20"},{"t":"text","i":"_22","p":"_20","c":[],"color":"#9CA3AF","expand":"1","value":"No file selected"},{"t":"container","i":"_23","p":"_20","c":["_24"],"animate":"{\"duration\":200,\"curve\":\"easeInOut\"}","onhover":"true"},{"t":"elevatedbutton","i":"_24","p":"_23","c":[],"bgcolor":"#3B82F6","height":"36","icon":"upload","n":"content","style":"{\"color\":\"#F9FAFB\",\"bgcolor\":\"#3B82F6\",\"padding\":{},\"side\":{},\"shape\":{\"default\":{\"radius\":8,\"type\":\"roundedRectangle\"}},\"text_style\":{}}","text":"Browse","tooltip":"\"Select a Source File\""},{"t":"container","i":"_25","p":"_14","c":["_26"],"col":"{\"sm\":12,\"md\":6}"},{"t":"container","i":"_26","p":"_25","c":["_27"],"n":"content"},{"t":"column","i":"_27","p":"_26","c":["_28","_29"],"n":"content","spacing":"8"},{"t":"text","i":"_28","p":"_27","c":[],"color":"#9CA3AF","size":"14","value":"Target File","weight":"w500"},{"t":"container","i":"_29","p":"_27","c":["_30"],"bgcolor":"#374151","border":"{\"l\":{\"w\":2,\"c\":\"#4B5563\",\"sa\":null},\"t\":{\"w\":2,\"c\":\"#4B5563\",\"sa\":null},\"r\":{\"w\":2,\"c\":\"#4B5563\",\"sa\":null},\"b\":{\"w\":2,\"c\":\"#4B5563\",\"sa\":null}}","borderradius":"8","padding":"12"},{"t":"row","i":"_30","p":"_29","c":["_31","_32","_33"],"alignment":"center","n":"content","spacing":"8"},{"t":"icon","i":"_31","p":"_30","c":[],"color":"#9CA3AF","name":"description","size":"20"},{"t":"text","i":"_32","p":"_30","c":[],"color":"#9CA3AF","expand":"1","value":"No file selected"},{"t":"container","i":"_33","p":"_30","c":["_34"],"animate":"{\"duration\":200,\"curve\":\"easeInOut\"}","onhover":"true"},{"t":"elevatedbutton","i":"_34","p":"_33","c":[],"bgcolor":"#3B82F6","height":"36","icon":"upload","n":"content","style":"{\"color\":\"#F9FAFB\",\"bgcolor\":\"#3B82F6\",\"padding\":{},\"side\":{},\"shape\":{\"default\":{\"radius\":8,\"type\":\"roundedRectangle\"}},\"text_style\":{}}","text":"Browse","tooltip":"\"Select a Target File\""},{"t":"container","i":"_35","p":"_12","c":["_36"],"height":"120","padding":"{\"l\":0,\"t\":24,\"r\":0,\"b\":24}"},{"t":"column","i":"_36","p":"_35","c":["_37","_38","_42"],"n":"content","spacing":"16"},{"t":"text","i":"_37","p":"_36","c":[],"color":"#9CA3AF","size":"16","value":"Comparison Options","weight":"w500"},{"t":"row","i":"_38","p":"_36","c":["_39","_40","_41"],"spacing":"32"},{"t":"checkbox","i":"_39","p":"_38","c":[],"checkcolor":"#F9FAFB","fillcolor":"{\"default\":\"#3B82F6\"}","label":"Ignore Case","labelstyle":"{\"size\":14,\"color\":\"#9CA3AF\"}","tooltip":"\"Toggle option: Ignore Case\"","value":"false"},{"t":"checkbox","i":"_40","p":"_38","c":[],"checkcolor":"#F9FAFB","fillcolor":"{\"default\":\"#3B82F6\"}","label":"Ignore Whitespace","labelstyle":"{\"size\":14,\"color\":\"#9CA3AF\"}","tooltip":"\"Toggle option: Ignore Whitespace\"","value":"false"},{"t":"checkbox","i":"_41","p":"_38","c":[],"checkcolor":"#F9FAFB","fillcolor":"{\"default\":\"#3B82F6\"}","label":"Only Missing Keys","labelstyle":"{\"size\":14,\"color\":\"#9CA3AF\"}","tooltip":"\"Toggle option: Only Missing Keys\"","value":"true"},{"t":"textfield","i":"_42","p":"_36","c":[],"bgcolor":"transparent","cursorcolor":"transparent","expand":"1","filled":"true","hinttext":"Ignore keys starting with (e.g., temp_)","textstyle":"{\"size\":14,\"weight\":\"w400\",\"font_family\":\"Consolas\",\"color\":\"#9CA3AF\"}"},{"t":"container","i":"_43","p":"_12","c":["_44"],"height":"50"},{"t":"container","i":"_44","p":"_43","c":["_45"],"animate":"{\"duration\":200,\"curve\":\"easeInOut\"}","n":"content","onhover":"true"},{"t":"elevatedbutton","i":"_45","p":"_44","c":["_46"],"expand":"1","height":"48","n":"content","style":"{\"color\":\"#F9FAFB\",\"bgcolor\":\"#3B82F6\",\"padding\":{},\"side\":{},\"shape\":{\"default\":{\"radius\":8,\"type\":\"roundedRectangle\"}},\"text_style\":{}}","tooltip":"\"Click to compare the source and target files\""},{"t":"row","i":"_46","p":"_45","c":["_47","_48"],"alignment":"center","n":"content","spacing":"8"},{"t":"icon","i":"_47","p":"_46","c":[],"name":"refresh"},{"t":"text","i":"_48","p":"_46","c":[],"size":"16","value":"Compare Files"},{"t":"container","i":"_49","p":"_12","c":["_50"],"expand":"1"},{"t":"card","i":"_50","p":"_49","c":["_51"],"elevation":"1","n":"content"},{"t":"column","i":"_51","p":"_50","c":["_52","_56","_57","_60"],"expand":"1","n":"content","spacing":"32"},{"t":"container","i":"_52","p":"_51","c":["_53"],"padding":"{\"l\":16,\"t\":16,\"r\":16,\"b\":0}"},{"t":"row","i":"_53","p":"_52","c":["_54","_55"],"alignment":"spaceBetween","n":"content"},{"t":"text","i":"_54","p":"_53","c":[],"color":"#9CA3AF","size":"16","value":"Results","weight":"w500"},{"t":"iconbutton","i":"_55","p":"_53","c":[],"icon":"copy","iconcolor":"#9CA3AF","tooltip":"\"Copy comparison results\""},{"t":"divider","i":"_56","p":"_51","c":[],"color":"#4B5563","height":"1"},{"t":"container","i":"_57","p":"_51","c":["_58"],"expand":"1","padding":"{\"l\":16,\"t\":16,\"r\":16,\"b\":16}"},{"t":"container","i":"_58","p":"_57","c":["_59"],"expand":"1","n":"content","padding":"{\"l\":16,\"t\":16,\"r\":16,\"b\":16}"},{"t":"textfield","i":"_59","p":"_58","c":[],"bgcolor":"transparent","cursorcolor":"transparent","expand":"1","filled":"true","multiline":"true","n":"content","readonly":"true","textstyle":"{\"size\":14,\"weight\":\"w400\",\"font_family\":\"Consolas\",\"color\":\"#9CA3AF\"}","value":"Summary will appear here"},{"t":"container","i":"_60","p":"_51","c":["_61"],"expand":"1","padding":"{\"l\":16,\"t\":8,\"r\":16,\"b\":16}"},{"t":"row","i":"_61","p":"_60","c":["_62","_63"],"n":"content","spacing":"8","verticalalignment":"center"},{"t":"progressring","i":"_62","p":"_61","c":[],"color":"#3B82F6","height":"20","strokewidth":"2","visible":"false","width":"20"},{"t":"text","i":"_63","p":"_61","c":[],"color":"#9CA3AF","size":"14","value":"Ready"}],"trimIDs":[]}},{"action":"addPageControls","payload":{"controls":[{"t":"offstage","i":"_64","p":"page","c":["_65","_66"],"at":"1"},{"t":"filepicker","i":"_65","p":"_64","c":[],"upload":"[]"},{"t":"filepicker","i":"_66","p":"_64","c":[],"upload":"[]"}],"trimIDs":[]}}]}
2025-02-15 15:46:24,577 - DEBUG - sent to TCP: 8621
2025-02-15 15:46:26,978 - DEBUG - _on_message: {"action":"updateControlProps","payload":{"props":[{"i":"page","windowwidth":"1280.0","windowheight":"720.0","windowtop":"137.6","windowleft":"1821.6","windowminimized":"false","windowmaximized":"false","windowfocused":"true","windowfullscreen":"false"}]}}
2025-02-15 15:46:27,391 - DEBUG - page.on_event_async: page change [{"i":"page","windowwidth":"1280.0","windowheight":"720.0","windowtop":"137.6","windowleft":"1821.6","windowminimized":"false","windowmaximized":"false","windowfocused":"true","windowfullscreen":"false"}]
2025-02-15 15:46:27,391 - DEBUG - _on_message: {"action":"pageEventFromWeb","payload":{"eventTarget":"page","eventName":"window_event","eventData":"moved"}}
2025-02-15 15:46:27,391 - DEBUG - _on_message: {"action":"pageEventFromWeb","payload":{"eventTarget":"_23","eventName":"hover","eventData":"true"}}
2025-02-15 15:46:27,391 - DEBUG - page.on_event_async: page window_event moved
2025-02-15 15:46:27,391 - DEBUG - page.on_event_async: _23 hover true
2025-02-15 15:46:27,392 - DEBUG - _process_command: set ['_24'] {'bgcolor': '#60A5FA', 'style': '{"color":"#F9FAFB","bgcolor":"#60A5FA","padding":{},"side":{},"shape":{"default":{"radius":8,"type":"roundedRectangle"}},"text_style":{}}'}
2025-02-15 15:46:27,392 - DEBUG - __send: {"action":"pageControlsBatch","payload":[{"action":"updateControlProps","payload":{"props":[{"i":"_24","bgcolor":"#60A5FA","style":"{\"color\":\"#F9FAFB\",\"bgcolor\":\"#60A5FA\",\"padding\":{},\"side\":{},\"shape\":{\"default\":{\"radius\":8,\"type\":\"roundedRectangle\"}},\"text_style\":{}}"}]}}]}
2025-02-15 15:46:27,392 - DEBUG - sent to TCP: 304
2025-02-15 15:46:27,670 - DEBUG - _on_message: {"action":"pageEventFromWeb","payload":{"eventTarget":"_24","eventName":"click","eventData":""}}
2025-02-15 15:46:27,670 - DEBUG - page.on_event_async: _24 click 
2025-02-15 15:46:27,670 - DEBUG - _process_command: set ['_65'] {'allowmultiple': 'false', 'filetype': 'any', 'state': 'pickFiles'}
2025-02-15 15:46:27,670 - DEBUG - __send: {"action":"pageControlsBatch","payload":[{"action":"updateControlProps","payload":{"props":[{"i":"_65","allowmultiple":"false","filetype":"any","state":"pickFiles"}]}}]}
2025-02-15 15:46:27,671 - DEBUG - sent to TCP: 173
2025-02-15 15:46:27,678 - DEBUG - _on_message: {"action":"updateControlProps","payload":{"props":[{"i":"_65","state":""}]}}
2025-02-15 15:46:27,678 - DEBUG - page.on_event_async: page change [{"i":"_65","state":""}]
2025-02-15 15:46:27,691 - DEBUG - _on_message: {"action":"pageEventFromWeb","payload":{"eventTarget":"_23","eventName":"hover","eventData":"false"}}
2025-02-15 15:46:27,691 - DEBUG - page.on_event_async: _23 hover false
2025-02-15 15:46:27,717 - DEBUG - _on_message: {"action":"updateControlProps","payload":{"props":[{"i":"page","windowwidth":"1280.0","windowheight":"720.0","windowtop":"137.6","windowleft":"1821.6","windowminimized":"false","windowmaximized":"false","windowfocused":"false","windowfullscreen":"false"}]}}
2025-02-15 15:46:27,719 - DEBUG - page.on_event_async: page change [{"i":"page","windowwidth":"1280.0","windowheight":"720.0","windowtop":"137.6","windowleft":"1821.6","windowminimized":"false","windowmaximized":"false","windowfocused":"false","windowfullscreen":"false"}]
2025-02-15 15:46:27,719 - DEBUG - _on_message: {"action":"pageEventFromWeb","payload":{"eventTarget":"page","eventName":"window_event","eventData":"blur"}}
2025-02-15 15:46:27,719 - DEBUG - page.on_event_async: page window_event blur
2025-02-15 15:46:27,719 - DEBUG - _on_message: {"action":"pageEventFromWeb","payload":{"eventTarget":"page","eventName":"app_lifecycle_state_change","eventData":"inactive"}}
2025-02-15 15:46:27,719 - DEBUG - page.on_event_async: page app_lifecycle_state_change inactive
2025-02-15 15:46:29,013 - DEBUG - _on_message: {"action":"pageEventFromWeb","payload":{"eventTarget":"page","eventName":"app_lifecycle_state_change","eventData":"resume"}}
2025-02-15 15:46:29,013 - DEBUG - page.on_event_async: page app_lifecycle_state_change resume
2025-02-15 15:46:29,014 - DEBUG - _on_message: {"action":"updateControlProps","payload":{"props":[{"i":"page","windowwidth":"1280.0","windowheight":"720.0","windowtop":"137.6","windowleft":"1821.6","windowminimized":"false","windowmaximized":"false","windowfocused":"true","windowfullscreen":"false"}]}}
2025-02-15 15:46:29,014 - DEBUG - page.on_event_async: page change [{"i":"page","windowwidth":"1280.0","windowheight":"720.0","windowtop":"137.6","windowleft":"1821.6","windowminimized":"false","windowmaximized":"false","windowfocused":"true","windowfullscreen":"false"}]
2025-02-15 15:46:29,014 - DEBUG - _on_message: {"action":"pageEventFromWeb","payload":{"eventTarget":"page","eventName":"window_event","eventData":"focus"}}
2025-02-15 15:46:29,014 - DEBUG - page.on_event_async: page window_event focus
2025-02-15 15:46:29,116 - DEBUG - _on_message: {"action":"pageEventFromWeb","payload":{"eventTarget":"_65","eventName":"result","eventData":"{\"path\":null,\"files\":[{\"name\":\"targettranslation.csv\",\"path\":\"E:\\\\ProgramTests\\\\LocalizerAppMain\\\\Sample Translation\\\\targettranslation.csv\",\"size\":958}]}"}}
2025-02-15 15:46:29,116 - DEBUG - page.on_event_async: _65 result {"path":null,"files":[{"name":"targettranslation.csv","path":"E:\\ProgramTests\\LocalizerAppMain\\Sample Translation\\targettranslation.csv","size":958}]}
2025-02-15 15:46:29,119 - DEBUG - _process_command: set ['_21'] {'color': 'blue400'}
2025-02-15 15:46:29,119 - DEBUG - _process_command: set ['_22'] {'value': 'targettranslation.csv (958 B, 25 lines)'}
2025-02-15 15:46:29,119 - DEBUG - _process_command: set ['_44'] {'disabled': 'true'}
2025-02-15 15:46:29,119 - DEBUG - _process_command: add [] {'to': '_64', 'at': '2'}
2025-02-15 15:46:29,120 - DEBUG - __send: {"action":"pageControlsBatch","payload":[{"action":"updateControlProps","payload":{"props":[{"i":"_21","color":"blue400"}]}},{"action":"updateControlProps","payload":{"props":[{"i":"_22","value":"targettranslation.csv (958 B, 25 lines)"}]}},{"action":"updateControlProps","payload":{"props":[{"i":"_44","disabled":"true"}]}},{"action":"addPageControls","payload":{"controls":[{"t":"alertdialog","i":"_67","p":"_64","c":["_68","_69","_71","_72"],"at":"2","modal":"false","open":"false"},{"t":"text","i":"_68","p":"_67","c":[],"n":"title","size":"20","value":"Theme Settings"},{"t":"column","i":"_69","p":"_67","c":["_70"],"n":"content","spacing":"16","width":"400"},{"t":"text","i":"_70","p":"_69","c":[],"value":"Background Colors","weight":"w500"},{"t":"textbutton","i":"_71","p":"_67","c":[],"n":"action","text":"Reset to Default"},{"t":"textbutton","i":"_72","p":"_67","c":[],"n":"action","text":"Close"}],"trimIDs":[]}}]}
2025-02-15 15:46:29,121 - DEBUG - sent to TCP: 929
2025-02-15 15:46:29,415 - DEBUG - _on_message: {"action":"pageEventFromWeb","payload":{"eventTarget":"_33","eventName":"hover","eventData":"true"}}
2025-02-15 15:46:29,415 - DEBUG - page.on_event_async: _33 hover true
2025-02-15 15:46:29,416 - DEBUG - _process_command: set ['_34'] {'bgcolor': '#60A5FA', 'style': '{"color":"#F9FAFB","bgcolor":"#60A5FA","padding":{},"side":{},"shape":{"default":{"radius":8,"type":"roundedRectangle"}},"text_style":{}}'}
2025-02-15 15:46:29,416 - DEBUG - __send: {"action":"pageControlsBatch","payload":[{"action":"updateControlProps","payload":{"props":[{"i":"_34","bgcolor":"#60A5FA","style":"{\"color\":\"#F9FAFB\",\"bgcolor\":\"#60A5FA\",\"padding\":{},\"side\":{},\"shape\":{\"default\":{\"radius\":8,\"type\":\"roundedRectangle\"}},\"text_style\":{}}"}]}}]}
2025-02-15 15:46:29,416 - DEBUG - sent to TCP: 304
2025-02-15 15:46:29,510 - DEBUG - _on_message: {"action":"pageEventFromWeb","payload":{"eventTarget":"_33","eventName":"hover","eventData":"false"}}
2025-02-15 15:46:29,510 - DEBUG - page.on_event_async: _33 hover false
2025-02-15 15:46:29,690 - DEBUG - _on_message: {"action":"pageEventFromWeb","payload":{"eventTarget":"_33","eventName":"hover","eventData":"true"}}
2025-02-15 15:46:29,690 - DEBUG - page.on_event_async: _33 hover true
2025-02-15 15:46:29,906 - DEBUG - _on_message: {"action":"pageEventFromWeb","payload":{"eventTarget":"_34","eventName":"click","eventData":""}}
2025-02-15 15:46:29,906 - DEBUG - page.on_event_async: _34 click 
2025-02-15 15:46:29,907 - DEBUG - _process_command: set ['_66'] {'allowmultiple': 'false', 'filetype': 'any', 'state': 'pickFiles'}
2025-02-15 15:46:29,907 - DEBUG - __send: {"action":"pageControlsBatch","payload":[{"action":"updateControlProps","payload":{"props":[{"i":"_66","allowmultiple":"false","filetype":"any","state":"pickFiles"}]}}]}
2025-02-15 15:46:29,907 - DEBUG - sent to TCP: 173
2025-02-15 15:46:29,913 - DEBUG - _on_message: {"action":"updateControlProps","payload":{"props":[{"i":"_66","state":""}]}}
2025-02-15 15:46:29,913 - DEBUG - page.on_event_async: page change [{"i":"_66","state":""}]
2025-02-15 15:46:29,924 - DEBUG - _on_message: {"action":"pageEventFromWeb","payload":{"eventTarget":"_33","eventName":"hover","eventData":"false"}}
2025-02-15 15:46:29,925 - DEBUG - page.on_event_async: _33 hover false
2025-02-15 15:46:29,950 - DEBUG - _on_message: {"action":"updateControlProps","payload":{"props":[{"i":"page","windowwidth":"1280.0","windowheight":"720.0","windowtop":"137.6","windowleft":"1821.6","windowminimized":"false","windowmaximized":"false","windowfocused":"false","windowfullscreen":"false"}]}}
2025-02-15 15:46:29,950 - DEBUG - page.on_event_async: page change [{"i":"page","windowwidth":"1280.0","windowheight":"720.0","windowtop":"137.6","windowleft":"1821.6","windowminimized":"false","windowmaximized":"false","windowfocused":"false","windowfullscreen":"false"}]
2025-02-15 15:46:29,950 - DEBUG - _on_message: {"action":"pageEventFromWeb","payload":{"eventTarget":"page","eventName":"window_event","eventData":"blur"}}
2025-02-15 15:46:29,950 - DEBUG - _on_message: {"action":"pageEventFromWeb","payload":{"eventTarget":"page","eventName":"app_lifecycle_state_change","eventData":"inactive"}}
2025-02-15 15:46:29,950 - DEBUG - page.on_event_async: page window_event blur
2025-02-15 15:46:29,950 - DEBUG - page.on_event_async: page app_lifecycle_state_change inactive
2025-02-15 15:46:32,285 - DEBUG - _on_message: {"action":"pageEventFromWeb","payload":{"eventTarget":"page","eventName":"app_lifecycle_state_change","eventData":"resume"}}
2025-02-15 15:46:32,285 - DEBUG - page.on_event_async: page app_lifecycle_state_change resume
2025-02-15 15:46:32,287 - DEBUG - _on_message: {"action":"updateControlProps","payload":{"props":[{"i":"page","windowwidth":"1280.0","windowheight":"720.0","windowtop":"137.6","windowleft":"1821.6","windowminimized":"false","windowmaximized":"false","windowfocused":"true","windowfullscreen":"false"}]}}
2025-02-15 15:46:32,288 - DEBUG - page.on_event_async: page change [{"i":"page","windowwidth":"1280.0","windowheight":"720.0","windowtop":"137.6","windowleft":"1821.6","windowminimized":"false","windowmaximized":"false","windowfocused":"true","windowfullscreen":"false"}]
2025-02-15 15:46:32,288 - DEBUG - _on_message: {"action":"pageEventFromWeb","payload":{"eventTarget":"page","eventName":"window_event","eventData":"focus"}}
2025-02-15 15:46:32,288 - DEBUG - page.on_event_async: page window_event focus
2025-02-15 15:46:32,383 - DEBUG - _on_message: {"action":"pageEventFromWeb","payload":{"eventTarget":"_66","eventName":"result","eventData":"{\"path\":null,\"files\":[{\"name\":\"targettranslation.csv\",\"path\":\"E:\\\\ProgramTests\\\\LocalizerAppMain\\\\Sample Translation\\\\targettranslation.csv\",\"size\":958}]}"}}
2025-02-15 15:46:32,383 - DEBUG - page.on_event_async: _66 result {"path":null,"files":[{"name":"targettranslation.csv","path":"E:\\ProgramTests\\LocalizerAppMain\\Sample Translation\\targettranslation.csv","size":958}]}
2025-02-15 15:46:32,386 - DEBUG - _process_command: set ['_31'] {'color': 'blue400'}
2025-02-15 15:46:32,387 - DEBUG - _process_command: set ['_32'] {'value': 'targettranslation.csv (958 B, 25 lines)'}
2025-02-15 15:46:32,387 - DEBUG - _process_command: set ['_44'] {'disabled': 'false'}
2025-02-15 15:46:32,387 - DEBUG - __send: {"action":"pageControlsBatch","payload":[{"action":"updateControlProps","payload":{"props":[{"i":"_31","color":"blue400"}]}},{"action":"updateControlProps","payload":{"props":[{"i":"_32","value":"targettranslation.csv (958 B, 25 lines)"}]}},{"action":"updateControlProps","payload":{"props":[{"i":"_44","disabled":"false"}]}}]}
2025-02-15 15:46:32,390 - DEBUG - sent to TCP: 331
2025-02-15 15:46:32,624 - DEBUG - _on_message: {"action":"pageEventFromWeb","payload":{"eventTarget":"_23","eventName":"hover","eventData":"true"}}
2025-02-15 15:46:32,624 - DEBUG - page.on_event_async: _23 hover true
2025-02-15 15:46:32,879 - DEBUG - _on_message: {"action":"pageEventFromWeb","payload":{"eventTarget":"_24","eventName":"click","eventData":""}}
2025-02-15 15:46:32,879 - DEBUG - page.on_event_async: _24 click 
2025-02-15 15:46:32,879 - DEBUG - _process_command: set ['_65'] {'state': 'pickFiles'}
2025-02-15 15:46:32,879 - DEBUG - __send: {"action":"pageControlsBatch","payload":[{"action":"updateControlProps","payload":{"props":[{"i":"_65","state":"pickFiles"}]}}]}
2025-02-15 15:46:32,879 - DEBUG - sent to TCP: 132
2025-02-15 15:46:32,883 - DEBUG - _on_message: {"action":"updateControlProps","payload":{"props":[{"i":"_65","state":""}]}}
2025-02-15 15:46:32,883 - DEBUG - page.on_event_async: page change [{"i":"_65","state":""}]
2025-02-15 15:46:32,894 - DEBUG - _on_message: {"action":"pageEventFromWeb","payload":{"eventTarget":"_23","eventName":"hover","eventData":"false"}}
2025-02-15 15:46:32,895 - DEBUG - page.on_event_async: _23 hover false
2025-02-15 15:46:32,922 - DEBUG - _on_message: {"action":"updateControlProps","payload":{"props":[{"i":"page","windowwidth":"1280.0","windowheight":"720.0","windowtop":"137.6","windowleft":"1821.6","windowminimized":"false","windowmaximized":"false","windowfocused":"false","windowfullscreen":"false"}]}}
2025-02-15 15:46:32,922 - DEBUG - page.on_event_async: page change [{"i":"page","windowwidth":"1280.0","windowheight":"720.0","windowtop":"137.6","windowleft":"1821.6","windowminimized":"false","windowmaximized":"false","windowfocused":"false","windowfullscreen":"false"}]
2025-02-15 15:46:32,922 - DEBUG - _on_message: {"action":"pageEventFromWeb","payload":{"eventTarget":"page","eventName":"window_event","eventData":"blur"}}
2025-02-15 15:46:32,922 - DEBUG - _on_message: {"action":"pageEventFromWeb","payload":{"eventTarget":"page","eventName":"app_lifecycle_state_change","eventData":"inactive"}}
2025-02-15 15:46:32,922 - DEBUG - page.on_event_async: page window_event blur
2025-02-15 15:46:32,922 - DEBUG - page.on_event_async: page app_lifecycle_state_change inactive
2025-02-15 15:46:33,855 - DEBUG - _on_message: {"action":"pageEventFromWeb","payload":{"eventTarget":"page","eventName":"app_lifecycle_state_change","eventData":"resume"}}
2025-02-15 15:46:33,855 - DEBUG - page.on_event_async: page app_lifecycle_state_change resume
2025-02-15 15:46:33,855 - DEBUG - _on_message: {"action":"updateControlProps","payload":{"props":[{"i":"page","windowwidth":"1280.0","windowheight":"720.0","windowtop":"137.6","windowleft":"1821.6","windowminimized":"false","windowmaximized":"false","windowfocused":"true","windowfullscreen":"false"}]}}
2025-02-15 15:46:33,855 - DEBUG - page.on_event_async: page change [{"i":"page","windowwidth":"1280.0","windowheight":"720.0","windowtop":"137.6","windowleft":"1821.6","windowminimized":"false","windowmaximized":"false","windowfocused":"true","windowfullscreen":"false"}]
2025-02-15 15:46:33,855 - DEBUG - _on_message: {"action":"pageEventFromWeb","payload":{"eventTarget":"page","eventName":"window_event","eventData":"focus"}}
2025-02-15 15:46:33,856 - DEBUG - page.on_event_async: page window_event focus
2025-02-15 15:46:33,966 - DEBUG - _on_message: {"action":"pageEventFromWeb","payload":{"eventTarget":"_65","eventName":"result","eventData":"{\"path\":null,\"files\":[{\"name\":\"sourcetranslation.csv\",\"path\":\"E:\\\\ProgramTests\\\\LocalizerAppMain\\\\Sample Translation\\\\sourcetranslation.csv\",\"size\":985}]}"}}
2025-02-15 15:46:33,966 - DEBUG - page.on_event_async: _65 result {"path":null,"files":[{"name":"sourcetranslation.csv","path":"E:\\ProgramTests\\LocalizerAppMain\\Sample Translation\\sourcetranslation.csv","size":985}]}
2025-02-15 15:46:33,970 - DEBUG - _process_command: set ['_22'] {'value': 'sourcetranslation.csv (985 B, 25 lines)'}
2025-02-15 15:46:33,970 - DEBUG - __send: {"action":"pageControlsBatch","payload":[{"action":"updateControlProps","payload":{"props":[{"i":"_22","value":"sourcetranslation.csv (985 B, 25 lines)"}]}}]}
2025-02-15 15:46:33,973 - DEBUG - sent to TCP: 162
2025-02-15 15:46:34,261 - DEBUG - _on_message: {"action":"pageEventFromWeb","payload":{"eventTarget":"_44","eventName":"hover","eventData":"true"}}
2025-02-15 15:46:34,261 - DEBUG - page.on_event_async: _44 hover true
2025-02-15 15:46:34,262 - DEBUG - _process_command: set ['_45'] {'bgcolor': '#60A5FA', 'style': '{"color":"#F9FAFB","bgcolor":"#60A5FA","padding":{},"side":{},"shape":{"default":{"radius":8,"type":"roundedRectangle"}},"text_style":{}}'}
2025-02-15 15:46:34,262 - DEBUG - __send: {"action":"pageControlsBatch","payload":[{"action":"updateControlProps","payload":{"props":[{"i":"_45","bgcolor":"#60A5FA","style":"{\"color\":\"#F9FAFB\",\"bgcolor\":\"#60A5FA\",\"padding\":{},\"side\":{},\"shape\":{\"default\":{\"radius\":8,\"type\":\"roundedRectangle\"}},\"text_style\":{}}"}]}}]}
2025-02-15 15:46:34,262 - DEBUG - sent to TCP: 304
2025-02-15 15:46:34,596 - DEBUG - _on_message: {"action":"pageEventFromWeb","payload":{"eventTarget":"_45","eventName":"click","eventData":""}}
2025-02-15 15:46:34,596 - DEBUG - page.on_event_async: _45 click 
2025-02-15 15:46:34,599 - DEBUG - _process_command: set ['_62'] {'visible': 'true'}
2025-02-15 15:46:34,599 - DEBUG - _process_command: set ['_63'] {'value': 'Comparing files...'}
2025-02-15 15:46:34,599 - DEBUG - __send: {"action":"pageControlsBatch","payload":[{"action":"updateControlProps","payload":{"props":[{"i":"_62","visible":"true"}]}},{"action":"updateControlProps","payload":{"props":[{"i":"_63","value":"Comparing files..."}]}}]}
2025-02-15 15:46:34,599 - DEBUG - sent to TCP: 224
2025-02-15 15:46:34,599 - DEBUG - Parsing file with extension: .csv
2025-02-15 15:46:34,600 - DEBUG - Content starts with: <?xml version="1.0" encoding="UTF-8"?>
<lang>
    <!-- Main Menu -->
    <string name="menu.main.pla
2025-02-15 15:46:34,600 - DEBUG - Content appears to be XML, using XML parser
2025-02-15 15:46:34,600 - DEBUG - Parsing XML content: <?xml version="1.0" encoding="UTF-8"?>
<lang>
<string name="menu.main.play">Play</string>
<string name="menu.main.options">Options</string>
<string name="menu.main.quit">Quit</string>
<string name="me
2025-02-15 15:46:34,600 - DEBUG - Found key: menu.main.play = Play
2025-02-15 15:46:34,600 - DEBUG - Found key: menu.main.options = Options
2025-02-15 15:46:34,600 - DEBUG - Found key: menu.main.quit = Quit
2025-02-15 15:46:34,600 - DEBUG - Found key: menu.options.graphics = Graphics Quality
2025-02-15 15:46:34,600 - DEBUG - Found key: menu.options.sound = Sound Volume
2025-02-15 15:46:34,600 - DEBUG - Found key: menu.options.language = Language
2025-02-15 15:46:34,600 - DEBUG - Found key: menu.lobby.info.maxplayers.server = Server Max Players:
2025-02-15 15:46:34,600 - DEBUG - Found key: menu.lobby.info.status = Server Status
2025-02-15 15:46:34,600 - DEBUG - Found key: menu.lobby.wait = Waiting for Players...
2025-02-15 15:46:34,600 - DEBUG - Found key: menu.nav.back = Back
2025-02-15 15:46:34,600 - DEBUG - Found key: menu.nav.select = Select
2025-02-15 15:46:34,600 - DEBUG - Found key: error.connection = Connection Failed
2025-02-15 15:46:34,600 - DEBUG - Found key: error.timeout = Server Timeout
2025-02-15 15:46:34,601 - INFO - Total translations found: 13
2025-02-15 15:46:34,601 - DEBUG - XML parser found 13 entries
2025-02-15 15:46:34,601 - DEBUG - Parsing file with extension: .csv
2025-02-15 15:46:34,601 - DEBUG - Content starts with: <?xml version="1.0" encoding="UTF-8"?>
<lang>
    <!-- Main Menu -->
    <string name="menu.main.pla
2025-02-15 15:46:34,601 - DEBUG - Content appears to be XML, using XML parser
2025-02-15 15:46:34,601 - DEBUG - Parsing XML content: <?xml version="1.0" encoding="UTF-8"?>
<lang>
<string name="menu.main.play">Oyna</string>
<string name="menu.main.options">Seçenekler</string>
<string name="menu.main.quit">Ç\u0131k\u0131\u015f</string>
<string name
2025-02-15 15:46:34,601 - DEBUG - Found key: menu.main.play = Oyna
2025-02-15 15:46:34,601 - DEBUG - Found key: menu.main.options = Seçenekler
2025-02-15 15:46:34,601 - DEBUG - Found key: menu.main.quit = Ç\u0131k\u0131\u015f
2025-02-15 15:46:34,601 - DEBUG - Found key: menu.options.graphics = Grafik Kalitesi
2025-02-15 15:46:34,601 - DEBUG - Found key: menu.options.sound = Ses Seviyesi
2025-02-15 15:46:34,601 - DEBUG - Found key: menu.options.language = Dil
2025-02-15 15:46:34,601 - DEBUG - Found key: menu.lobby.info.status = Sunucu Durumu
2025-02-15 15:46:34,601 - DEBUG - Found key: menu.lobby.wait = Oyuncular Bekleniyor...
2025-02-15 15:46:34,601 - DEBUG - Found key: menu.nav.back = Geri
2025-02-15 15:46:34,601 - DEBUG - Found key: error.connection = Ba\u011flant\u0131 Hatas\u0131
2025-02-15 15:46:34,601 - DEBUG - Found key: error.timeout = Sunucu Zaman A\u015f\u0131m\u0131
2025-02-15 15:46:34,601 - INFO - Total translations found: 11
2025-02-15 15:46:34,601 - DEBUG - XML parser found 11 entries
2025-02-15 15:46:34,601 - DEBUG - Source file has 11 keys
2025-02-15 15:46:34,601 - DEBUG - Target file has 13 keys
2025-02-15 15:46:34,601 - DEBUG - First few source keys: ['error.connection', 'error.timeout', 'menu.lobby.info.status', 'menu.lobby.wait', 'menu.main.options']
2025-02-15 15:46:34,601 - DEBUG - First few target keys: ['error.connection', 'error.timeout', 'menu.lobby.info.maxplayers.server', 'menu.lobby.info.status', 'menu.lobby.wait']
2025-02-15 15:46:34,604 - DEBUG - _process_command: remove ['_59'] {}
2025-02-15 15:46:34,604 - DEBUG - _process_command: add [] {'to': '_58', 'at': '0'}
2025-02-15 15:46:34,604 - DEBUG - __send: {"action":"pageControlsBatch","payload":[{"action":"removeControl","payload":{"ids":["_59"]}},{"action":"addPageControls","payload":{"controls":[{"t":"column","i":"_73","p":"_58","c":["_74","_76","_78","_80","_82"],"at":"0","n":"content","scroll":"auto","spacing":"2"},{"t":"container","i":"_74","p":"_73","c":["_75"],"padding":"{\"l\":8,\"t\":8,\"r\":8,\"b\":8}"},{"t":"text","i":"_75","p":"_74","c":[],"color":"#F87171","fontfamily":"Consolas","n":"content","size":"14","value":"- menu.lobby.info.maxplayers.server : Server Max Players: (missing in target translation)","weight":"normal"},{"t":"container","i":"_76","p":"_73","c":["_77"],"padding":"{\"l\":8,\"t\":8,\"r\":8,\"b\":8}"},{"t":"text","i":"_77","p":"_76","c":[],"color":"#F87171","fontfamily":"Consolas","n":"content","size":"14","value":"- menu.nav.select                   : Select (missing in target translation)","weight":"normal"},{"t":"container","i":"_78","p":"_73","c":["_79"],"padding":"{\"l\":8,\"t\":8,\"r\":8,\"b\":8}"},{"t":"text","i":"_79","p":"_78","c":[],"color":"#F9FAFB","fontfamily":"Consolas","n":"content","size":"14","value":"--- Summary ---","weight":"bold"},{"t":"container","i":"_80","p":"_73","c":["_81"],"padding":"{\"l\":8,\"t\":8,\"r\":8,\"b\":8}"},{"t":"text","i":"_81","p":"_80","c":[],"color":"#F9FAFB","fontfamily":"Consolas","n":"content","size":"14","value":"Missing in target: 0","weight":"normal"},{"t":"container","i":"_82","p":"_73","c":["_83"],"padding":"{\"l\":8,\"t\":8,\"r\":8,\"b\":8}"},{"t":"text","i":"_83","p":"_82","c":[],"color":"#F9FAFB","fontfamily":"Consolas","n":"content","size":"14","value":"Obsolete in target: 2","weight":"normal"}],"trimIDs":[]}}]}
2025-02-15 15:46:34,607 - DEBUG - _process_command: set ['_62'] {'visible': 'false'}
2025-02-15 15:46:34,607 - DEBUG - sent to TCP: 1674
2025-02-15 15:46:34,607 - DEBUG - _process_command: set ['_63'] {'value': 'Comparison complete. Found 13 source and 11 target entries.'}
2025-02-15 15:46:34,608 - DEBUG - __send: {"action":"pageControlsBatch","payload":[{"action":"updateControlProps","payload":{"props":[{"i":"_62","visible":"false"}]}},{"action":"updateControlProps","payload":{"props":[{"i":"_63","value":"Comparison complete. Found 13 source and 11 target entries."}]}}]}
2025-02-15 15:46:34,608 - DEBUG - sent to TCP: 266
2025-02-15 15:46:34,720 - DEBUG - _on_message: {"action":"pageEventFromWeb","payload":{"eventTarget":"_44","eventName":"hover","eventData":"false"}}
2025-02-15 15:46:34,720 - DEBUG - page.on_event_async: _44 hover false
2025-02-15 15:46:37,319 - DEBUG - _on_message: {"action":"updateControlProps","payload":{"props":[{"i":"page","windowwidth":"1521.6","windowheight":"995.9999999999999","windowtop":"137.6","windowleft":"1821.6","windowminimized":"false","windowmaximized":"false","windowfocused":"true","windowfullscreen":"false"}]}}
2025-02-15 15:46:37,319 - DEBUG - page.on_event_async: page change [{"i":"page","windowwidth":"1521.6","windowheight":"995.9999999999999","windowtop":"137.6","windowleft":"1821.6","windowminimized":"false","windowmaximized":"false","windowfocused":"true","windowfullscreen":"false"}]
2025-02-15 15:46:37,319 - DEBUG - _on_message: {"action":"pageEventFromWeb","payload":{"eventTarget":"page","eventName":"window_event","eventData":"resized"}}
2025-02-15 15:46:37,319 - DEBUG - page.on_event_async: page window_event resized
2025-02-15 15:46:37,577 - DEBUG - _on_message: {"action":"updateControlProps","payload":{"props":[{"i":"page","width":"1507.2","height":"957.6","windowwidth":"1521.6","windowheight":"995.1999999999999","windowtop":"137.6","windowleft":"1821.6","windowminimized":"false","windowmaximized":"false","windowfocused":"true","windowfullscreen":"false"}]}}
2025-02-15 15:46:37,578 - DEBUG - page.on_event_async: page change [{"i":"page","width":"1507.2","height":"957.6","windowwidth":"1521.6","windowheight":"995.1999999999999","windowtop":"137.6","windowleft":"1821.6","windowminimized":"false","windowmaximized":"false","windowfocused":"true","windowfullscreen":"false"}]
2025-02-15 15:46:37,583 - DEBUG - _on_message: {"action":"pageEventFromWeb","payload":{"eventTarget":"page","eventName":"resized","eventData":"{\"width\":1507.2,\"height\":957.6}"}}
2025-02-15 15:46:37,583 - DEBUG - page.on_event_async: page resized {"width":1507.2,"height":957.6}
2025-02-15 15:46:38,201 - DEBUG - _on_message: {"action":"pageEventFromWeb","payload":{"eventTarget":"_44","eventName":"hover","eventData":"true"}}
2025-02-15 15:46:38,201 - DEBUG - page.on_event_async: _44 hover true
2025-02-15 15:46:38,469 - DEBUG - _on_message: {"action":"pageEventFromWeb","payload":{"eventTarget":"_45","eventName":"click","eventData":""}}
2025-02-15 15:46:38,469 - DEBUG - page.on_event_async: _45 click 
2025-02-15 15:46:38,472 - DEBUG - _process_command: set ['_62'] {'visible': 'true'}
2025-02-15 15:46:38,472 - DEBUG - _process_command: set ['_63'] {'value': 'Comparing files...'}
2025-02-15 15:46:38,472 - DEBUG - __send: {"action":"pageControlsBatch","payload":[{"action":"updateControlProps","payload":{"props":[{"i":"_62","visible":"true"}]}},{"action":"updateControlProps","payload":{"props":[{"i":"_63","value":"Comparing files..."}]}}]}
2025-02-15 15:46:38,473 - DEBUG - sent to TCP: 224
2025-02-15 15:46:38,473 - DEBUG - Parsing file with extension: .csv
2025-02-15 15:46:38,473 - DEBUG - Content starts with: <?xml version="1.0" encoding="UTF-8"?>
<lang>
    <!-- Main Menu -->
    <string name="menu.main.pla
2025-02-15 15:46:38,473 - DEBUG - Content appears to be XML, using XML parser
2025-02-15 15:46:38,473 - DEBUG - Parsing XML content: <?xml version="1.0" encoding="UTF-8"?>
<lang>
<string name="menu.main.play">Play</string>
<string name="menu.main.options">Options</string>
<string name="menu.main.quit">Quit</string>
<string name="me
2025-02-15 15:46:38,473 - DEBUG - Found key: menu.main.play = Play
2025-02-15 15:46:38,473 - DEBUG - Found key: menu.main.options = Options
2025-02-15 15:46:38,473 - DEBUG - Found key: menu.main.quit = Quit
2025-02-15 15:46:38,473 - DEBUG - Found key: menu.options.graphics = Graphics Quality
2025-02-15 15:46:38,474 - DEBUG - Found key: menu.options.sound = Sound Volume
2025-02-15 15:46:38,474 - DEBUG - Found key: menu.options.language = Language
2025-02-15 15:46:38,474 - DEBUG - Found key: menu.lobby.info.maxplayers.server = Server Max Players:
2025-02-15 15:46:38,474 - DEBUG - Found key: menu.lobby.info.status = Server Status
2025-02-15 15:46:38,474 - DEBUG - Found key: menu.lobby.wait = Waiting for Players...
2025-02-15 15:46:38,474 - DEBUG - Found key: menu.nav.back = Back
2025-02-15 15:46:38,474 - DEBUG - Found key: menu.nav.select = Select
2025-02-15 15:46:38,474 - DEBUG - Found key: error.connection = Connection Failed
2025-02-15 15:46:38,474 - DEBUG - Found key: error.timeout = Server Timeout
2025-02-15 15:46:38,474 - INFO - Total translations found: 13
2025-02-15 15:46:38,474 - DEBUG - XML parser found 13 entries
2025-02-15 15:46:38,474 - DEBUG - Parsing file with extension: .csv
2025-02-15 15:46:38,474 - DEBUG - Content starts with: <?xml version="1.0" encoding="UTF-8"?>
<lang>
    <!-- Main Menu -->
    <string name="menu.main.pla
2025-02-15 15:46:38,474 - DEBUG - Content appears to be XML, using XML parser
2025-02-15 15:46:38,474 - DEBUG - Parsing XML content: <?xml version="1.0" encoding="UTF-8"?>
<lang>
<string name="menu.main.play">Oyna</string>
<string name="menu.main.options">Seçenekler</string>
<string name="menu.main.quit">Ç\u0131k\u0131\u015f</string>
<string name
2025-02-15 15:46:38,474 - DEBUG - Found key: menu.main.play = Oyna
2025-02-15 15:46:38,474 - DEBUG - Found key: menu.main.options = Seçenekler
2025-02-15 15:46:38,474 - DEBUG - Found key: menu.main.quit = Ç\u0131k\u0131\u015f
2025-02-15 15:46:38,474 - DEBUG - Found key: menu.options.graphics = Grafik Kalitesi
2025-02-15 15:46:38,474 - DEBUG - Found key: menu.options.sound = Ses Seviyesi
2025-02-15 15:46:38,474 - DEBUG - Found key: menu.options.language = Dil
2025-02-15 15:46:38,474 - DEBUG - Found key: menu.lobby.info.status = Sunucu Durumu
2025-02-15 15:46:38,475 - DEBUG - Found key: menu.lobby.wait = Oyuncular Bekleniyor...
2025-02-15 15:46:38,475 - DEBUG - Found key: menu.nav.back = Geri
2025-02-15 15:46:38,475 - DEBUG - Found key: error.connection = Ba\u011flant\u0131 Hatas\u0131
2025-02-15 15:46:38,475 - DEBUG - Found key: error.timeout = Sunucu Zaman A\u015f\u0131m\u0131
2025-02-15 15:46:38,475 - INFO - Total translations found: 11
2025-02-15 15:46:38,475 - DEBUG - XML parser found 11 entries
2025-02-15 15:46:38,475 - DEBUG - Source file has 11 keys
2025-02-15 15:46:38,475 - DEBUG - Target file has 13 keys
2025-02-15 15:46:38,475 - DEBUG - First few source keys: ['error.connection', 'error.timeout', 'menu.lobby.info.status', 'menu.lobby.wait', 'menu.main.options']
2025-02-15 15:46:38,475 - DEBUG - First few target keys: ['error.connection', 'error.timeout', 'menu.lobby.info.maxplayers.server', 'menu.lobby.info.status', 'menu.lobby.wait']
2025-02-15 15:46:38,477 - DEBUG - _process_command: remove ['_73'] {}
2025-02-15 15:46:38,477 - DEBUG - _process_command: add [] {'to': '_58', 'at': '0'}
2025-02-15 15:46:38,477 - DEBUG - __send: {"action":"pageControlsBatch","payload":[{"action":"removeControl","payload":{"ids":["_73"]}},{"action":"addPageControls","payload":{"controls":[{"t":"column","i":"_84","p":"_58","c":["_85","_87","_89","_91","_93"],"at":"0","n":"content","scroll":"auto","spacing":"2"},{"t":"container","i":"_85","p":"_84","c":["_86"],"padding":"{\"l\":8,\"t\":8,\"r\":8,\"b\":8}"},{"t":"text","i":"_86","p":"_85","c":[],"color":"#F87171","fontfamily":"Consolas","n":"content","size":"14","value":"- menu.lobby.info.maxplayers.server : Server Max Players: (missing in target translation)","weight":"normal"},{"t":"container","i":"_87","p":"_84","c":["_88"],"padding":"{\"l\":8,\"t\":8,\"r\":8,\"b\":8}"},{"t":"text","i":"_88","p":"_87","c":[],"color":"#F87171","fontfamily":"Consolas","n":"content","size":"14","value":"- menu.nav.select                   : Select (missing in target translation)","weight":"normal"},{"t":"container","i":"_89","p":"_84","c":["_90"],"padding":"{\"l\":8,\"t\":8,\"r\":8,\"b\":8}"},{"t":"text","i":"_90","p":"_89","c":[],"color":"#F9FAFB","fontfamily":"Consolas","n":"content","size":"14","value":"--- Summary ---","weight":"bold"},{"t":"container","i":"_91","p":"_84","c":["_92"],"padding":"{\"l\":8,\"t\":8,\"r\":8,\"b\":8}"},{"t":"text","i":"_92","p":"_91","c":[],"color":"#F9FAFB","fontfamily":"Consolas","n":"content","size":"14","value":"Missing in target: 0","weight":"normal"},{"t":"container","i":"_93","p":"_84","c":["_94"],"padding":"{\"l\":8,\"t\":8,\"r\":8,\"b\":8}"},{"t":"text","i":"_94","p":"_93","c":[],"color":"#F9FAFB","fontfamily":"Consolas","n":"content","size":"14","value":"Obsolete in target: 2","weight":"normal"}],"trimIDs":[]}}]}
2025-02-15 15:46:38,478 - DEBUG - sent to TCP: 1674
2025-02-15 15:46:38,481 - DEBUG - _process_command: set ['_62'] {'visible': 'false'}
2025-02-15 15:46:38,481 - DEBUG - _process_command: set ['_63'] {'value': 'Comparison complete. Found 13 source and 11 target entries.'}
2025-02-15 15:46:38,481 - DEBUG - __send: {"action":"pageControlsBatch","payload":[{"action":"updateControlProps","payload":{"props":[{"i":"_62","visible":"false"}]}},{"action":"updateControlProps","payload":{"props":[{"i":"_63","value":"Comparison complete. Found 13 source and 11 target entries."}]}}]}
2025-02-15 15:46:38,481 - DEBUG - sent to TCP: 266
2025-02-15 15:46:38,713 - DEBUG - _on_message: {"action":"pageEventFromWeb","payload":{"eventTarget":"_44","eventName":"hover","eventData":"false"}}
2025-02-15 15:46:38,714 - DEBUG - page.on_event_async: _44 hover false
2025-02-15 15:46:39,551 - DEBUG - _on_message: {"action":"pageEventFromWeb","payload":{"eventTarget":"page","eventName":"app_lifecycle_state_change","eventData":"inactive"}}
2025-02-15 15:46:39,551 - DEBUG - page.on_event_async: page app_lifecycle_state_change inactive
2025-02-15 15:46:39,553 - DEBUG - _on_message: {"action":"updateControlProps","payload":{"props":[{"i":"page","windowwidth":"1521.6","windowheight":"995.1999999999999","windowtop":"137.6","windowleft":"1821.6","windowminimized":"false","windowmaximized":"false","windowfocused":"false","windowfullscreen":"false"}]}}
2025-02-15 15:46:39,553 - DEBUG - page.on_event_async: page change [{"i":"page","windowwidth":"1521.6","windowheight":"995.1999999999999","windowtop":"137.6","windowleft":"1821.6","windowminimized":"false","windowmaximized":"false","windowfocused":"false","windowfullscreen":"false"}]
2025-02-15 15:46:39,553 - DEBUG - _on_message: {"action":"pageEventFromWeb","payload":{"eventTarget":"page","eventName":"window_event","eventData":"blur"}}
2025-02-15 15:46:39,553 - DEBUG - page.on_event_async: page window_event blur
2025-02-15 15:46:41,679 - DEBUG - _on_message: {"action":"pageEventFromWeb","payload":{"eventTarget":"_44","eventName":"hover","eventData":"true"}}
2025-02-15 15:46:41,679 - DEBUG - page.on_event_async: _44 hover true
2025-02-15 15:46:41,707 - DEBUG - _on_message: {"action":"pageEventFromWeb","payload":{"eventTarget":"_44","eventName":"hover","eventData":"false"}}
2025-02-15 15:46:41,707 - DEBUG - page.on_event_async: _44 hover false
2025-02-15 15:46:43,573 - DEBUG - _on_message: {"action":"pageEventFromWeb","payload":{"eventTarget":"page","eventName":"app_lifecycle_state_change","eventData":"resume"}}
2025-02-15 15:46:43,573 - DEBUG - page.on_event_async: page app_lifecycle_state_change resume
2025-02-15 15:46:43,576 - DEBUG - _on_message: {"action":"updateControlProps","payload":{"props":[{"i":"page","windowwidth":"1521.6","windowheight":"995.1999999999999","windowtop":"137.6","windowleft":"1821.6","windowminimized":"false","windowmaximized":"false","windowfocused":"true","windowfullscreen":"false"}]}}
2025-02-15 15:46:43,576 - DEBUG - page.on_event_async: page change [{"i":"page","windowwidth":"1521.6","windowheight":"995.1999999999999","windowtop":"137.6","windowleft":"1821.6","windowminimized":"false","windowmaximized":"false","windowfocused":"true","windowfullscreen":"false"}]
2025-02-15 15:46:43,576 - DEBUG - _on_message: {"action":"pageEventFromWeb","payload":{"eventTarget":"page","eventName":"window_event","eventData":"focus"}}
2025-02-15 15:46:43,576 - DEBUG - page.on_event_async: page window_event focus
2025-02-15 15:46:45,283 - DEBUG - _on_message: {"action":"pageEventFromWeb","payload":{"eventTarget":"page","eventName":"app_lifecycle_state_change","eventData":"inactive"}}
2025-02-15 15:46:45,283 - DEBUG - page.on_event_async: page app_lifecycle_state_change inactive
2025-02-15 15:46:45,286 - DEBUG - _on_message: {"action":"updateControlProps","payload":{"props":[{"i":"page","windowwidth":"1521.6","windowheight":"995.1999999999999","windowtop":"137.6","windowleft":"1821.6","windowminimized":"false","windowmaximized":"false","windowfocused":"false","windowfullscreen":"false"}]}}
2025-02-15 15:46:45,286 - DEBUG - page.on_event_async: page change [{"i":"page","windowwidth":"1521.6","windowheight":"995.1999999999999","windowtop":"137.6","windowleft":"1821.6","windowminimized":"false","windowmaximized":"false","windowfocused":"false","windowfullscreen":"false"}]
2025-02-15 15:46:45,286 - DEBUG - _on_message: {"action":"pageEventFromWeb","payload":{"eventTarget":"page","eventName":"window_event","eventData":"blur"}}
2025-02-15 15:46:45,286 - DEBUG - page.on_event_async: page window_event blur
2025-02-15 15:46:49,424 - DEBUG - _on_message: {"action":"pageEventFromWeb","payload":{"eventTarget":"page","eventName":"app_lifecycle_state_change","eventData":"resume"}}
2025-02-15 15:46:49,424 - DEBUG - page.on_event_async: page app_lifecycle_state_change resume
2025-02-15 15:46:49,425 - DEBUG - _on_message: {"action":"updateControlProps","payload":{"props":[{"i":"page","windowwidth":"1521.6","windowheight":"995.1999999999999","windowtop":"137.6","windowleft":"1821.6","windowminimized":"false","windowmaximized":"false","windowfocused":"true","windowfullscreen":"false"}]}}
2025-02-15 15:46:49,426 - DEBUG - page.on_event_async: page change [{"i":"page","windowwidth":"1521.6","windowheight":"995.1999999999999","windowtop":"137.6","windowleft":"1821.6","windowminimized":"false","windowmaximized":"false","windowfocused":"true","windowfullscreen":"false"}]
2025-02-15 15:46:49,426 - DEBUG - _on_message: {"action":"pageEventFromWeb","payload":{"eventTarget":"page","eventName":"window_event","eventData":"focus"}}
2025-02-15 15:46:49,426 - DEBUG - page.on_event_async: page window_event focus
2025-02-15 15:46:50,699 - DEBUG - _on_message: {"action":"pageEventFromWeb","payload":{"eventTarget":"page","eventName":"app_lifecycle_state_change","eventData":"inactive"}}
2025-02-15 15:46:50,699 - DEBUG - page.on_event_async: page app_lifecycle_state_change inactive
2025-02-15 15:46:50,701 - DEBUG - _on_message: {"action":"pageEventFromWeb","payload":{"eventTarget":"page","eventName":"app_lifecycle_state_change","eventData":"hide"}}
2025-02-15 15:46:50,701 - DEBUG - page.on_event_async: page app_lifecycle_state_change hide
2025-02-15 15:46:50,807 - DEBUG - Flet View process 26960
2025-02-15 15:46:50,807 - DEBUG - Closing connection...
2025-02-15 15:46:50,807 - DEBUG - Disconnecting all pages...
2025-02-15 15:46:50,807 - DEBUG - page.on_event_async: page disconnect 
2025-02-15 15:46:50,807 - DEBUG - Shutting down thread pool...
2025-02-15 15:47:12,933 - DEBUG - Using proactor: IocpProactor
2025-02-15 15:47:12,988 - INFO - Assets path configured: C:\Users\alpya\AppData\Local\Temp\_MEI225682\assets
2025-02-15 15:47:12,989 - DEBUG - Creating new PubSubHub instance
2025-02-15 15:47:12,989 - DEBUG - Creating new PubSubHub instance
2025-02-15 15:47:12,989 - INFO - Starting up TCP server on localhost:61649
2025-02-15 15:47:12,993 - INFO - Flet app has started...
2025-02-15 15:47:12,994 - INFO - App URL: tcp://localhost:61649
2025-02-15 15:47:12,994 - INFO - Starting Flet View app...
2025-02-15 15:47:12,994 - INFO - Looking for Flet executable at: C:\Users\alpya\AppData\Local\Temp\_MEI225682\flet_desktop\app\flet\flet.exe
2025-02-15 15:47:13,163 - DEBUG - Connected new TCP client
2025-02-15 15:47:13,163 - DEBUG - _on_message: {"action":"registerWebClient","payload":{"pageName":"","pageRoute":"/","pageWidth":"1265.6","pageHeight":"682.4","windowWidth":"1280.0","windowHeight":"720.0","windowTop":"9.6","windowLeft":"9.6","isPWA":"false","isWeb":"false","isDebug":"false","platform":"windows","platformBrightness":"dark","media":"{\"padding\":{\"top\":0.0,\"right\":0.0,\"bottom\":0.0,\"left\":0.0},\"view_padding\":{\"top\":0.0,\"right\":0.0,\"bottom\":0.0,\"left\":0.0},\"view_insets\":{\"top\":0.0,\"right\":0.0,\"bottom\":0.0,\"left\":0.0}}","sessionId":""}}
2025-02-15 15:47:13,163 - DEBUG - __send: {"action":"registerWebClient","payload":{"session":{"id":"","controls":{"page":{"i":"page","t":"page","p":"","c":[],"route":"/","width":"1265.6","height":"682.4","windowwidth":"1280.0","windowheight":"720.0","windowtop":"9.6","windowleft":"9.6","pwa":"false","web":"false","debug":"false","platform":"windows","platformBrightness":"dark","media":"{\"padding\":{\"top\":0.0,\"right\":0.0,\"bottom\":0.0,\"left\":0.0},\"view_padding\":{\"top\":0.0,\"right\":0.0,\"bottom\":0.0,\"left\":0.0},\"view_insets\":{\"top\":0.0,\"right\":0.0,\"bottom\":0.0,\"left\":0.0}}"}}},"error":"","appInactive":false}}
2025-02-15 15:47:13,164 - DEBUG - _process_command: get ['page', 'route'] {}
2025-02-15 15:47:13,164 - DEBUG - _process_command: get ['page', 'pwa'] {}
2025-02-15 15:47:13,164 - DEBUG - _process_command: get ['page', 'web'] {}
2025-02-15 15:47:13,164 - DEBUG - _process_command: get ['page', 'debug'] {}
2025-02-15 15:47:13,164 - DEBUG - _process_command: get ['page', 'platform'] {}
2025-02-15 15:47:13,164 - DEBUG - _process_command: get ['page', 'platformBrightness'] {}
2025-02-15 15:47:13,164 - DEBUG - _process_command: get ['page', 'media'] {}
2025-02-15 15:47:13,164 - DEBUG - _process_command: get ['page', 'width'] {}
2025-02-15 15:47:13,164 - DEBUG - _process_command: get ['page', 'height'] {}
2025-02-15 15:47:13,164 - DEBUG - _process_command: get ['page', 'windowWidth'] {}
2025-02-15 15:47:13,164 - DEBUG - _process_command: get ['page', 'windowHeight'] {}
2025-02-15 15:47:13,164 - DEBUG - _process_command: get ['page', 'windowTop'] {}
2025-02-15 15:47:13,164 - DEBUG - _process_command: get ['page', 'windowLeft'] {}
2025-02-15 15:47:13,164 - DEBUG - _process_command: get ['page', 'clientIP'] {}
2025-02-15 15:47:13,164 - DEBUG - _process_command: get ['page', 'clientUserAgent'] {}
2025-02-15 15:47:13,164 - INFO - App session started
2025-02-15 15:47:13,169 - DEBUG - _process_command: set ['page'] {'thememode': 'dark', 'title': 'Localization Comparison Tool'}
2025-02-15 15:47:13,169 - DEBUG - _process_command: add [] {'to': 'page', 'at': '0'}
2025-02-15 15:47:13,169 - DEBUG - _process_command: add [] {'to': 'page', 'at': '1'}
2025-02-15 15:47:13,169 - DEBUG - sent to TCP: 602
2025-02-15 15:47:13,170 - DEBUG - __send: {"action":"pageControlsBatch","payload":[{"action":"updateControlProps","payload":{"props":[{"i":"page","thememode":"dark","title":"Localization Comparison Tool"}]}},{"action":"addPageControls","payload":{"controls":[{"t":"view","i":"_1","p":"page","c":["_2"],"at":"0","bgcolor":"#111827","padding":"0"},{"t":"container","i":"_2","p":"_1","c":["_3"],"expand":"1","height":"682.4","padding":"32"},{"t":"column","i":"_3","p":"_2","c":["_4","_11"],"expand":"1","n":"content","scroll":"auto","spacing":"32"},{"t":"container","i":"_4","p":"_3","c":["_5"],"height":"100","padding":"{\"l\":0,\"t\":0,\"r\":0,\"b\":24}"},{"t":"column","i":"_5","p":"_4","c":["_6","_10"],"horizontalalignment":"center","n":"content","spacing":"8"},{"t":"row","i":"_6","p":"_5","c":["_7","_8","_9"],"alignment":"spaceBetween"},{"t":"text","i":"_7","p":"_6","c":[],"expand":"1","size":"32","textalign":"center","value":"Localization Comparison Tool","weight":"bold"},{"t":"iconbutton","i":"_8","p":"_6","c":[],"icon":"settings","iconcolor":"#9CA3AF","tooltip":"\"Theme Settings\""},{"t":"iconbutton","i":"_9","p":"_6","c":[],"icon":"light_mode","iconcolor":"#9CA3AF","tooltip":"\"Toggle theme\""},{"t":"text","i":"_10","p":"_5","c":[],"color":"#9CA3AF","size":"16","textalign":"center","value":"Compare and analyze your localization files with ease"},{"t":"container","i":"_11","p":"_3","c":["_12"],"bgcolor":"#1F2937","borderradius":"12","expand":"1","padding":"24"},{"t":"column","i":"_12","p":"_11","c":["_13","_35","_43","_49"],"expand":"1","n":"content","spacing":"24"},{"t":"container","i":"_13","p":"_12","c":["_14"],"height":"120"},{"t":"responsiverow","i":"_14","p":"_13","c":["_15","_25"],"n":"content"},{"t":"container","i":"_15","p":"_14","c":["_16"],"col":"{\"sm\":12,\"md\":6}"},{"t":"container","i":"_16","p":"_15","c":["_17"],"n":"content"},{"t":"column","i":"_17","p":"_16","c":["_18","_19"],"n":"content","spacing":"8"},{"t":"text","i":"_18","p":"_17","c":[],"color":"#9CA3AF","size":"14","value":"Source File","weight":"w500"},{"t":"container","i":"_19","p":"_17","c":["_20"],"bgcolor":"#374151","border":"{\"l\":{\"w\":2,\"c\":\"#4B5563\",\"sa\":null},\"t\":{\"w\":2,\"c\":\"#4B5563\",\"sa\":null},\"r\":{\"w\":2,\"c\":\"#4B5563\",\"sa\":null},\"b\":{\"w\":2,\"c\":\"#4B5563\",\"sa\":null}}","borderradius":"8","padding":"12"},{"t":"row","i":"_20","p":"_19","c":["_21","_22","_23"],"alignment":"center","n":"content","spacing":"8"},{"t":"icon","i":"_21","p":"_20","c":[],"color":"#9CA3AF","name":"description","size":"20"},{"t":"text","i":"_22","p":"_20","c":[],"color":"#9CA3AF","expand":"1","value":"No file selected"},{"t":"container","i":"_23","p":"_20","c":["_24"],"animate":"{\"duration\":200,\"curve\":\"easeInOut\"}","onhover":"true"},{"t":"elevatedbutton","i":"_24","p":"_23","c":[],"bgcolor":"#3B82F6","height":"36","icon":"upload","n":"content","style":"{\"color\":\"#F9FAFB\",\"bgcolor\":\"#3B82F6\",\"padding\":{},\"side\":{},\"shape\":{\"default\":{\"radius\":8,\"type\":\"roundedRectangle\"}},\"text_style\":{}}","text":"Browse","tooltip":"\"Select a Source File\""},{"t":"container","i":"_25","p":"_14","c":["_26"],"col":"{\"sm\":12,\"md\":6}"},{"t":"container","i":"_26","p":"_25","c":["_27"],"n":"content"},{"t":"column","i":"_27","p":"_26","c":["_28","_29"],"n":"content","spacing":"8"},{"t":"text","i":"_28","p":"_27","c":[],"color":"#9CA3AF","size":"14","value":"Target File","weight":"w500"},{"t":"container","i":"_29","p":"_27","c":["_30"],"bgcolor":"#374151","border":"{\"l\":{\"w\":2,\"c\":\"#4B5563\",\"sa\":null},\"t\":{\"w\":2,\"c\":\"#4B5563\",\"sa\":null},\"r\":{\"w\":2,\"c\":\"#4B5563\",\"sa\":null},\"b\":{\"w\":2,\"c\":\"#4B5563\",\"sa\":null}}","borderradius":"8","padding":"12"},{"t":"row","i":"_30","p":"_29","c":["_31","_32","_33"],"alignment":"center","n":"content","spacing":"8"},{"t":"icon","i":"_31","p":"_30","c":[],"color":"#9CA3AF","name":"description","size":"20"},{"t":"text","i":"_32","p":"_30","c":[],"color":"#9CA3AF","expand":"1","value":"No file selected"},{"t":"container","i":"_33","p":"_30","c":["_34"],"animate":"{\"duration\":200,\"curve\":\"easeInOut\"}","onhover":"true"},{"t":"elevatedbutton","i":"_34","p":"_33","c":[],"bgcolor":"#3B82F6","height":"36","icon":"upload","n":"content","style":"{\"color\":\"#F9FAFB\",\"bgcolor\":\"#3B82F6\",\"padding\":{},\"side\":{},\"shape\":{\"default\":{\"radius\":8,\"type\":\"roundedRectangle\"}},\"text_style\":{}}","text":"Browse","tooltip":"\"Select a Target File\""},{"t":"container","i":"_35","p":"_12","c":["_36"],"height":"120","padding":"{\"l\":0,\"t\":24,\"r\":0,\"b\":24}"},{"t":"column","i":"_36","p":"_35","c":["_37","_38","_42"],"n":"content","spacing":"16"},{"t":"text","i":"_37","p":"_36","c":[],"color":"#9CA3AF","size":"16","value":"Comparison Options","weight":"w500"},{"t":"row","i":"_38","p":"_36","c":["_39","_40","_41"],"spacing":"32"},{"t":"checkbox","i":"_39","p":"_38","c":[],"checkcolor":"#F9FAFB","fillcolor":"{\"default\":\"#3B82F6\"}","label":"Ignore Case","labelstyle":"{\"size\":14,\"color\":\"#9CA3AF\"}","tooltip":"\"Toggle option: Ignore Case\"","value":"false"},{"t":"checkbox","i":"_40","p":"_38","c":[],"checkcolor":"#F9FAFB","fillcolor":"{\"default\":\"#3B82F6\"}","label":"Ignore Whitespace","labelstyle":"{\"size\":14,\"color\":\"#9CA3AF\"}","tooltip":"\"Toggle option: Ignore Whitespace\"","value":"false"},{"t":"checkbox","i":"_41","p":"_38","c":[],"checkcolor":"#F9FAFB","fillcolor":"{\"default\":\"#3B82F6\"}","label":"Only Missing Keys","labelstyle":"{\"size\":14,\"color\":\"#9CA3AF\"}","tooltip":"\"Toggle option: Only Missing Keys\"","value":"true"},{"t":"textfield","i":"_42","p":"_36","c":[],"bgcolor":"transparent","cursorcolor":"transparent","expand":"1","filled":"true","hinttext":"Ignore keys starting with (e.g., temp_)","textstyle":"{\"size\":14,\"weight\":\"w400\",\"font_family\":\"Consolas\",\"color\":\"#9CA3AF\"}"},{"t":"container","i":"_43","p":"_12","c":["_44"],"height":"50"},{"t":"container","i":"_44","p":"_43","c":["_45"],"animate":"{\"duration\":200,\"curve\":\"easeInOut\"}","n":"content","onhover":"true"},{"t":"elevatedbutton","i":"_45","p":"_44","c":["_46"],"expand":"1","height":"48","n":"content","style":"{\"color\":\"#F9FAFB\",\"bgcolor\":\"#3B82F6\",\"padding\":{},\"side\":{},\"shape\":{\"default\":{\"radius\":8,\"type\":\"roundedRectangle\"}},\"text_style\":{}}","tooltip":"\"Click to compare the source and target files\""},{"t":"row","i":"_46","p":"_45","c":["_47","_48"],"alignment":"center","n":"content","spacing":"8"},{"t":"icon","i":"_47","p":"_46","c":[],"name":"refresh"},{"t":"text","i":"_48","p":"_46","c":[],"size":"16","value":"Compare Files"},{"t":"container","i":"_49","p":"_12","c":["_50"],"expand":"1"},{"t":"card","i":"_50","p":"_49","c":["_51"],"elevation":"1","n":"content"},{"t":"column","i":"_51","p":"_50","c":["_52","_56","_57","_60"],"expand":"1","n":"content","spacing":"32"},{"t":"container","i":"_52","p":"_51","c":["_53"],"padding":"{\"l\":16,\"t\":16,\"r\":16,\"b\":0}"},{"t":"row","i":"_53","p":"_52","c":["_54","_55"],"alignment":"spaceBetween","n":"content"},{"t":"text","i":"_54","p":"_53","c":[],"color":"#9CA3AF","size":"16","value":"Results","weight":"w500"},{"t":"iconbutton","i":"_55","p":"_53","c":[],"icon":"copy","iconcolor":"#9CA3AF","tooltip":"\"Copy comparison results\""},{"t":"divider","i":"_56","p":"_51","c":[],"color":"#4B5563","height":"1"},{"t":"container","i":"_57","p":"_51","c":["_58"],"expand":"1","padding":"{\"l\":16,\"t\":16,\"r\":16,\"b\":16}"},{"t":"container","i":"_58","p":"_57","c":["_59"],"expand":"1","n":"content","padding":"{\"l\":16,\"t\":16,\"r\":16,\"b\":16}"},{"t":"textfield","i":"_59","p":"_58","c":[],"bgcolor":"transparent","cursorcolor":"transparent","expand":"1","filled":"true","multiline":"true","n":"content","readonly":"true","textstyle":"{\"size\":14,\"weight\":\"w400\",\"font_family\":\"Consolas\",\"color\":\"#9CA3AF\"}","value":"Summary will appear here"},{"t":"container","i":"_60","p":"_51","c":["_61"],"expand":"1","padding":"{\"l\":16,\"t\":8,\"r\":16,\"b\":16}"},{"t":"row","i":"_61","p":"_60","c":["_62","_63"],"n":"content","spacing":"8","verticalalignment":"center"},{"t":"progressring","i":"_62","p":"_61","c":[],"color":"#3B82F6","height":"20","strokewidth":"2","visible":"false","width":"20"},{"t":"text","i":"_63","p":"_61","c":[],"color":"#9CA3AF","size":"14","value":"Ready"}],"trimIDs":[]}},{"action":"addPageControls","payload":{"controls":[{"t":"offstage","i":"_64","p":"page","c":["_65","_66"],"at":"1"},{"t":"filepicker","i":"_65","p":"_64","c":[],"upload":"[]"},{"t":"filepicker","i":"_66","p":"_64","c":[],"upload":"[]"}],"trimIDs":[]}}]}
2025-02-15 15:47:13,170 - DEBUG - sent to TCP: 8621
2025-02-15 15:47:14,992 - DEBUG - _on_message: {"action":"updateControlProps","payload":{"props":[{"i":"page","windowwidth":"1280.0","windowheight":"720.0","windowtop":"186.4","windowleft":"2333.6","windowminimized":"false","windowmaximized":"false","windowfocused":"true","windowfullscreen":"false"}]}}
2025-02-15 15:47:14,992 - DEBUG - page.on_event_async: page change [{"i":"page","windowwidth":"1280.0","windowheight":"720.0","windowtop":"186.4","windowleft":"2333.6","windowminimized":"false","windowmaximized":"false","windowfocused":"true","windowfullscreen":"false"}]
2025-02-15 15:47:14,992 - DEBUG - _on_message: {"action":"pageEventFromWeb","payload":{"eventTarget":"page","eventName":"window_event","eventData":"moved"}}
2025-02-15 15:47:14,992 - DEBUG - page.on_event_async: page window_event moved
2025-02-15 15:47:16,879 - DEBUG - _on_message: {"action":"pageEventFromWeb","payload":{"eventTarget":"page","eventName":"app_lifecycle_state_change","eventData":"inactive"}}
2025-02-15 15:47:16,879 - DEBUG - page.on_event_async: page app_lifecycle_state_change inactive
2025-02-15 15:47:16,883 - DEBUG - _on_message: {"action":"updateControlProps","payload":{"props":[{"i":"page","windowwidth":"1280.0","windowheight":"720.0","windowtop":"186.4","windowleft":"2333.6","windowminimized":"false","windowmaximized":"false","windowfocused":"false","windowfullscreen":"false"}]}}
2025-02-15 15:47:16,883 - DEBUG - page.on_event_async: page change [{"i":"page","windowwidth":"1280.0","windowheight":"720.0","windowtop":"186.4","windowleft":"2333.6","windowminimized":"false","windowmaximized":"false","windowfocused":"false","windowfullscreen":"false"}]
2025-02-15 15:47:16,883 - DEBUG - _on_message: {"action":"pageEventFromWeb","payload":{"eventTarget":"page","eventName":"window_event","eventData":"blur"}}
2025-02-15 15:47:16,883 - DEBUG - page.on_event_async: page window_event blur
2025-02-15 15:48:52,278 - DEBUG - _on_message: {"action":"pageEventFromWeb","payload":{"eventTarget":"page","eventName":"app_lifecycle_state_change","eventData":"resume"}}
2025-02-15 15:48:52,278 - DEBUG - page.on_event_async: page app_lifecycle_state_change resume
2025-02-15 15:48:52,369 - DEBUG - _on_message: {"action":"updateControlProps","payload":{"props":[{"i":"page","windowwidth":"1280.0","windowheight":"720.0","windowtop":"189.6","windowleft":"2328.8","windowminimized":"false","windowmaximized":"false","windowfocused":"true","windowfullscreen":"false"}]}}
2025-02-15 15:48:52,369 - DEBUG - page.on_event_async: page change [{"i":"page","windowwidth":"1280.0","windowheight":"720.0","windowtop":"189.6","windowleft":"2328.8","windowminimized":"false","windowmaximized":"false","windowfocused":"true","windowfullscreen":"false"}]
2025-02-15 15:48:52,369 - DEBUG - _on_message: {"action":"pageEventFromWeb","payload":{"eventTarget":"page","eventName":"window_event","eventData":"focus"}}
2025-02-15 15:48:52,370 - DEBUG - page.on_event_async: page window_event focus
2025-02-15 15:48:53,083 - DEBUG - _on_message: {"action":"updateControlProps","payload":{"props":[{"i":"page","windowwidth":"1280.0","windowheight":"720.0","windowtop":"284.0","windowleft":"2200.8","windowminimized":"false","windowmaximized":"false","windowfocused":"true","windowfullscreen":"false"}]}}
2025-02-15 15:48:53,083 - DEBUG - page.on_event_async: page change [{"i":"page","windowwidth":"1280.0","windowheight":"720.0","windowtop":"284.0","windowleft":"2200.8","windowminimized":"false","windowmaximized":"false","windowfocused":"true","windowfullscreen":"false"}]
2025-02-15 15:48:53,083 - DEBUG - _on_message: {"action":"pageEventFromWeb","payload":{"eventTarget":"page","eventName":"window_event","eventData":"moved"}}
2025-02-15 15:48:53,083 - DEBUG - page.on_event_async: page window_event moved
2025-02-15 15:48:55,116 - DEBUG - _on_message: {"action":"pageEventFromWeb","payload":{"eventTarget":"page","eventName":"app_lifecycle_state_change","eventData":"inactive"}}
2025-02-15 15:48:55,116 - DEBUG - page.on_event_async: page app_lifecycle_state_change inactive
2025-02-15 15:48:55,120 - DEBUG - _on_message: {"action":"updateControlProps","payload":{"props":[{"i":"page","windowwidth":"1280.0","windowheight":"720.0","windowtop":"284.0","windowleft":"2200.8","windowminimized":"false","windowmaximized":"false","windowfocused":"false","windowfullscreen":"false"}]}}
2025-02-15 15:48:55,120 - DEBUG - page.on_event_async: page change [{"i":"page","windowwidth":"1280.0","windowheight":"720.0","windowtop":"284.0","windowleft":"2200.8","windowminimized":"false","windowmaximized":"false","windowfocused":"false","windowfullscreen":"false"}]
2025-02-15 15:48:55,120 - DEBUG - _on_message: {"action":"pageEventFromWeb","payload":{"eventTarget":"page","eventName":"window_event","eventData":"blur"}}
2025-02-15 15:48:55,120 - DEBUG - page.on_event_async: page window_event blur
2025-02-15 15:49:24,355 - DEBUG - _on_message: {"action":"pageEventFromWeb","payload":{"eventTarget":"_23","eventName":"hover","eventData":"true"}}
2025-02-15 15:49:24,355 - DEBUG - page.on_event_async: _23 hover true
2025-02-15 15:49:24,356 - DEBUG - _process_command: set ['_24'] {'bgcolor': '#60A5FA', 'style': '{"color":"#F9FAFB","bgcolor":"#60A5FA","padding":{},"side":{},"shape":{"default":{"radius":8,"type":"roundedRectangle"}},"text_style":{}}'}
2025-02-15 15:49:24,356 - DEBUG - __send: {"action":"pageControlsBatch","payload":[{"action":"updateControlProps","payload":{"props":[{"i":"_24","bgcolor":"#60A5FA","style":"{\"color\":\"#F9FAFB\",\"bgcolor\":\"#60A5FA\",\"padding\":{},\"side\":{},\"shape\":{\"default\":{\"radius\":8,\"type\":\"roundedRectangle\"}},\"text_style\":{}}"}]}}]}
2025-02-15 15:49:24,356 - DEBUG - sent to TCP: 304
2025-02-15 15:49:24,423 - DEBUG - _on_message: {"action":"pageEventFromWeb","payload":{"eventTarget":"_23","eventName":"hover","eventData":"false"}}
2025-02-15 15:49:24,423 - DEBUG - page.on_event_async: _23 hover false
2025-02-15 15:49:24,905 - DEBUG - _on_message: {"action":"pageEventFromWeb","payload":{"eventTarget":"_33","eventName":"hover","eventData":"true"}}
2025-02-15 15:49:24,905 - DEBUG - page.on_event_async: _33 hover true
2025-02-15 15:49:24,905 - DEBUG - _process_command: set ['_34'] {'bgcolor': '#60A5FA', 'style': '{"color":"#F9FAFB","bgcolor":"#60A5FA","padding":{},"side":{},"shape":{"default":{"radius":8,"type":"roundedRectangle"}},"text_style":{}}'}
2025-02-15 15:49:24,905 - DEBUG - __send: {"action":"pageControlsBatch","payload":[{"action":"updateControlProps","payload":{"props":[{"i":"_34","bgcolor":"#60A5FA","style":"{\"color\":\"#F9FAFB\",\"bgcolor\":\"#60A5FA\",\"padding\":{},\"side\":{},\"shape\":{\"default\":{\"radius\":8,\"type\":\"roundedRectangle\"}},\"text_style\":{}}"}]}}]}
2025-02-15 15:49:24,906 - DEBUG - sent to TCP: 304
2025-02-15 15:49:25,104 - DEBUG - _on_message: {"action":"pageEventFromWeb","payload":{"eventTarget":"_33","eventName":"hover","eventData":"false"}}
2025-02-15 15:49:25,104 - DEBUG - page.on_event_async: _33 hover false
2025-02-15 15:49:25,258 - DEBUG - _on_message: {"action":"pageEventFromWeb","payload":{"eventTarget":"_23","eventName":"hover","eventData":"true"}}
2025-02-15 15:49:25,259 - DEBUG - page.on_event_async: _23 hover true
2025-02-15 15:49:25,473 - DEBUG - _on_message: {"action":"pageEventFromWeb","payload":{"eventTarget":"_23","eventName":"hover","eventData":"false"}}
2025-02-15 15:49:25,474 - DEBUG - page.on_event_async: _23 hover false
2025-02-15 15:49:27,399 - DEBUG - _on_message: {"action":"pageEventFromWeb","payload":{"eventTarget":"_23","eventName":"hover","eventData":"true"}}
2025-02-15 15:49:27,399 - DEBUG - page.on_event_async: _23 hover true
2025-02-15 15:49:27,441 - DEBUG - _on_message: {"action":"pageEventFromWeb","payload":{"eventTarget":"_23","eventName":"hover","eventData":"false"}}
2025-02-15 15:49:27,441 - DEBUG - page.on_event_async: _23 hover false
2025-02-15 15:49:52,298 - DEBUG - _on_message: {"action":"pageEventFromWeb","payload":{"eventTarget":"_23","eventName":"hover","eventData":"true"}}
2025-02-15 15:49:52,299 - DEBUG - page.on_event_async: _23 hover true
2025-02-15 15:49:52,315 - DEBUG - _on_message: {"action":"pageEventFromWeb","payload":{"eventTarget":"_23","eventName":"hover","eventData":"false"}}
2025-02-15 15:49:52,315 - DEBUG - page.on_event_async: _23 hover false
2025-02-15 15:49:54,516 - DEBUG - _on_message: {"action":"pageEventFromWeb","payload":{"eventTarget":"page","eventName":"app_lifecycle_state_change","eventData":"resume"}}
2025-02-15 15:49:54,516 - DEBUG - page.on_event_async: page app_lifecycle_state_change resume
2025-02-15 15:49:54,517 - DEBUG - _on_message: {"action":"updateControlProps","payload":{"props":[{"i":"page","windowwidth":"1280.0","windowheight":"720.0","windowtop":"284.0","windowleft":"2200.8","windowminimized":"false","windowmaximized":"false","windowfocused":"true","windowfullscreen":"false"}]}}
2025-02-15 15:49:54,519 - DEBUG - page.on_event_async: page change [{"i":"page","windowwidth":"1280.0","windowheight":"720.0","windowtop":"284.0","windowleft":"2200.8","windowminimized":"false","windowmaximized":"false","windowfocused":"true","windowfullscreen":"false"}]
2025-02-15 15:49:54,519 - DEBUG - _on_message: {"action":"pageEventFromWeb","payload":{"eventTarget":"page","eventName":"window_event","eventData":"focus"}}
2025-02-15 15:49:54,519 - DEBUG - page.on_event_async: page window_event focus
2025-02-15 15:49:55,917 - DEBUG - _on_message: {"action":"pageEventFromWeb","payload":{"eventTarget":"page","eventName":"app_lifecycle_state_change","eventData":"inactive"}}
2025-02-15 15:49:55,917 - DEBUG - page.on_event_async: page app_lifecycle_state_change inactive
2025-02-15 15:49:55,921 - DEBUG - _on_message: {"action":"updateControlProps","payload":{"props":[{"i":"page","windowwidth":"1280.0","windowheight":"720.0","windowtop":"284.0","windowleft":"2200.8","windowminimized":"false","windowmaximized":"false","windowfocused":"false","windowfullscreen":"false"}]}}
2025-02-15 15:49:55,921 - DEBUG - page.on_event_async: page change [{"i":"page","windowwidth":"1280.0","windowheight":"720.0","windowtop":"284.0","windowleft":"2200.8","windowminimized":"false","windowmaximized":"false","windowfocused":"false","windowfullscreen":"false"}]
2025-02-15 15:49:55,921 - DEBUG - _on_message: {"action":"pageEventFromWeb","payload":{"eventTarget":"page","eventName":"window_event","eventData":"blur"}}
2025-02-15 15:49:55,921 - DEBUG - page.on_event_async: page window_event blur
2025-02-15 15:50:33,082 - DEBUG - _on_message: {"action":"pageEventFromWeb","payload":{"eventTarget":"_44","eventName":"hover","eventData":"true"}}
2025-02-15 15:50:33,082 - DEBUG - page.on_event_async: _44 hover true
2025-02-15 15:50:33,082 - DEBUG - _process_command: set ['_45'] {'bgcolor': '#60A5FA', 'style': '{"color":"#F9FAFB","bgcolor":"#60A5FA","padding":{},"side":{},"shape":{"default":{"radius":8,"type":"roundedRectangle"}},"text_style":{}}'}
2025-02-15 15:50:33,082 - DEBUG - __send: {"action":"pageControlsBatch","payload":[{"action":"updateControlProps","payload":{"props":[{"i":"_45","bgcolor":"#60A5FA","style":"{\"color\":\"#F9FAFB\",\"bgcolor\":\"#60A5FA\",\"padding\":{},\"side\":{},\"shape\":{\"default\":{\"radius\":8,\"type\":\"roundedRectangle\"}},\"text_style\":{}}"}]}}]}
2025-02-15 15:50:33,082 - DEBUG - sent to TCP: 304
2025-02-15 15:50:33,158 - DEBUG - _on_message: {"action":"pageEventFromWeb","payload":{"eventTarget":"_44","eventName":"hover","eventData":"false"}}
2025-02-15 15:50:33,158 - DEBUG - page.on_event_async: _44 hover false
2025-02-15 15:56:09,634 - DEBUG - _on_message: {"action":"pageEventFromWeb","payload":{"eventTarget":"page","eventName":"app_lifecycle_state_change","eventData":"hide"}}
2025-02-15 15:56:09,634 - DEBUG - page.on_event_async: page app_lifecycle_state_change hide
2025-02-15 15:56:09,754 - DEBUG - Flet View process 19232
2025-02-15 15:56:09,754 - DEBUG - Closing connection...
2025-02-15 15:56:09,754 - DEBUG - Disconnecting all pages...
2025-02-15 15:56:09,754 - DEBUG - page.on_event_async: page disconnect 
2025-02-15 15:56:09,754 - DEBUG - Shutting down thread pool...
